2018-12-23 13:12:45,041 ERROR:Exception on /main/tb_reservation [POST] [in C:\Users\16zhchen\AppData\Local\Programs\Python\Python36\lib\site-packages\flask\app.py:1761]
Traceback (most recent call last):
  File "C:\Users\16zhchen\AppData\Local\Programs\Python\Python36\lib\site-packages\flask\app.py", line 2292, in wsgi_app
    response = self.full_dispatch_request()
  File "C:\Users\16zhchen\AppData\Local\Programs\Python\Python36\lib\site-packages\flask\app.py", line 1815, in full_dispatch_request
    rv = self.handle_user_exception(e)
  File "C:\Users\16zhchen\AppData\Local\Programs\Python\Python36\lib\site-packages\flask\app.py", line 1718, in handle_user_exception
    reraise(exc_type, exc_value, tb)
  File "C:\Users\16zhchen\AppData\Local\Programs\Python\Python36\lib\site-packages\flask\_compat.py", line 35, in reraise
    raise value
  File "C:\Users\16zhchen\AppData\Local\Programs\Python\Python36\lib\site-packages\flask\app.py", line 1813, in full_dispatch_request
    rv = self.dispatch_request()
  File "C:\Users\16zhchen\AppData\Local\Programs\Python\Python36\lib\site-packages\flask\app.py", line 1799, in dispatch_request
    return self.view_functions[rule.endpoint](**req.view_args)
  File "D:\SoftEngine\classroomManager\project\project\utildef.py", line 21, in decorator
    rv = f(*args, **kwargs)
  File "C:\Users\16zhchen\AppData\Local\Programs\Python\Python36\lib\site-packages\flask\views.py", line 88, in view
    return self.dispatch_request(*args, **kwargs)
  File "C:\Users\16zhchen\AppData\Local\Programs\Python\Python36\lib\site-packages\flask\views.py", line 158, in dispatch_request
    return meth(*args, **kwargs)
  File "D:\SoftEngine\classroomManager\project\project\main\views.py", line 401, in post
    data = json.loads(request.data)
  File "C:\Users\16zhchen\AppData\Local\Programs\Python\Python36\lib\json\__init__.py", line 354, in loads
    return _default_decoder.decode(s)
  File "C:\Users\16zhchen\AppData\Local\Programs\Python\Python36\lib\json\decoder.py", line 339, in decode
    obj, end = self.raw_decode(s, idx=_w(s, 0).end())
  File "C:\Users\16zhchen\AppData\Local\Programs\Python\Python36\lib\json\decoder.py", line 355, in raw_decode
    obj, end = self.scan_once(s, idx)
json.decoder.JSONDecodeError: Expecting property name enclosed in double quotes: line 2 column 2 (char 3)
2018-12-23 13:13:15,290 ERROR:Exception on /main/tb_reservation [POST] [in C:\Users\16zhchen\AppData\Local\Programs\Python\Python36\lib\site-packages\flask\app.py:1761]
Traceback (most recent call last):
  File "C:\Users\16zhchen\AppData\Local\Programs\Python\Python36\lib\site-packages\flask\app.py", line 2292, in wsgi_app
    response = self.full_dispatch_request()
  File "C:\Users\16zhchen\AppData\Local\Programs\Python\Python36\lib\site-packages\flask\app.py", line 1815, in full_dispatch_request
    rv = self.handle_user_exception(e)
  File "C:\Users\16zhchen\AppData\Local\Programs\Python\Python36\lib\site-packages\flask\app.py", line 1718, in handle_user_exception
    reraise(exc_type, exc_value, tb)
  File "C:\Users\16zhchen\AppData\Local\Programs\Python\Python36\lib\site-packages\flask\_compat.py", line 35, in reraise
    raise value
  File "C:\Users\16zhchen\AppData\Local\Programs\Python\Python36\lib\site-packages\flask\app.py", line 1813, in full_dispatch_request
    rv = self.dispatch_request()
  File "C:\Users\16zhchen\AppData\Local\Programs\Python\Python36\lib\site-packages\flask\app.py", line 1799, in dispatch_request
    return self.view_functions[rule.endpoint](**req.view_args)
  File "D:\SoftEngine\classroomManager\project\project\utildef.py", line 21, in decorator
    rv = f(*args, **kwargs)
  File "C:\Users\16zhchen\AppData\Local\Programs\Python\Python36\lib\site-packages\flask\views.py", line 88, in view
    return self.dispatch_request(*args, **kwargs)
  File "C:\Users\16zhchen\AppData\Local\Programs\Python\Python36\lib\site-packages\flask\views.py", line 158, in dispatch_request
    return meth(*args, **kwargs)
  File "D:\SoftEngine\classroomManager\project\project\main\views.py", line 401, in post
    data = json.loads(request.data)
  File "C:\Users\16zhchen\AppData\Local\Programs\Python\Python36\lib\json\__init__.py", line 354, in loads
    return _default_decoder.decode(s)
  File "C:\Users\16zhchen\AppData\Local\Programs\Python\Python36\lib\json\decoder.py", line 339, in decode
    obj, end = self.raw_decode(s, idx=_w(s, 0).end())
  File "C:\Users\16zhchen\AppData\Local\Programs\Python\Python36\lib\json\decoder.py", line 355, in raw_decode
    obj, end = self.scan_once(s, idx)
json.decoder.JSONDecodeError: Expecting property name enclosed in double quotes: line 2 column 2 (char 3)
2018-12-23 15:51:34,409 ERROR:Exception on /main/tb_reservation [POST] [in C:\Users\16zhchen\AppData\Local\Programs\Python\Python36\lib\site-packages\flask\app.py:1761]
Traceback (most recent call last):
  File "C:\Users\16zhchen\AppData\Local\Programs\Python\Python36\lib\site-packages\flask\app.py", line 2292, in wsgi_app
    response = self.full_dispatch_request()
  File "C:\Users\16zhchen\AppData\Local\Programs\Python\Python36\lib\site-packages\flask\app.py", line 1815, in full_dispatch_request
    rv = self.handle_user_exception(e)
  File "C:\Users\16zhchen\AppData\Local\Programs\Python\Python36\lib\site-packages\flask\app.py", line 1718, in handle_user_exception
    reraise(exc_type, exc_value, tb)
  File "C:\Users\16zhchen\AppData\Local\Programs\Python\Python36\lib\site-packages\flask\_compat.py", line 35, in reraise
    raise value
  File "C:\Users\16zhchen\AppData\Local\Programs\Python\Python36\lib\site-packages\flask\app.py", line 1813, in full_dispatch_request
    rv = self.dispatch_request()
  File "C:\Users\16zhchen\AppData\Local\Programs\Python\Python36\lib\site-packages\flask\app.py", line 1799, in dispatch_request
    return self.view_functions[rule.endpoint](**req.view_args)
  File "D:\SoftEngine\classroomManager\project\project\utildef.py", line 21, in decorator
    rv = f(*args, **kwargs)
  File "C:\Users\16zhchen\AppData\Local\Programs\Python\Python36\lib\site-packages\flask\views.py", line 88, in view
    return self.dispatch_request(*args, **kwargs)
  File "C:\Users\16zhchen\AppData\Local\Programs\Python\Python36\lib\site-packages\flask\views.py", line 158, in dispatch_request
    return meth(*args, **kwargs)
  File "D:\SoftEngine\classroomManager\project\project\main\views.py", line 401, in post
    data = json.loads(request.data)
  File "C:\Users\16zhchen\AppData\Local\Programs\Python\Python36\lib\json\__init__.py", line 354, in loads
    return _default_decoder.decode(s)
  File "C:\Users\16zhchen\AppData\Local\Programs\Python\Python36\lib\json\decoder.py", line 339, in decode
    obj, end = self.raw_decode(s, idx=_w(s, 0).end())
  File "C:\Users\16zhchen\AppData\Local\Programs\Python\Python36\lib\json\decoder.py", line 355, in raw_decode
    obj, end = self.scan_once(s, idx)
json.decoder.JSONDecodeError: Expecting property name enclosed in double quotes: line 2 column 2 (char 3)
2018-12-23 15:53:34,724 ERROR:Exception on /main/tb_reservation [POST] [in C:\Users\16zhchen\AppData\Local\Programs\Python\Python36\lib\site-packages\flask\app.py:1761]
Traceback (most recent call last):
  File "C:\Users\16zhchen\AppData\Local\Programs\Python\Python36\lib\site-packages\flask\app.py", line 2292, in wsgi_app
    response = self.full_dispatch_request()
  File "C:\Users\16zhchen\AppData\Local\Programs\Python\Python36\lib\site-packages\flask\app.py", line 1815, in full_dispatch_request
    rv = self.handle_user_exception(e)
  File "C:\Users\16zhchen\AppData\Local\Programs\Python\Python36\lib\site-packages\flask\app.py", line 1718, in handle_user_exception
    reraise(exc_type, exc_value, tb)
  File "C:\Users\16zhchen\AppData\Local\Programs\Python\Python36\lib\site-packages\flask\_compat.py", line 35, in reraise
    raise value
  File "C:\Users\16zhchen\AppData\Local\Programs\Python\Python36\lib\site-packages\flask\app.py", line 1813, in full_dispatch_request
    rv = self.dispatch_request()
  File "C:\Users\16zhchen\AppData\Local\Programs\Python\Python36\lib\site-packages\flask\app.py", line 1799, in dispatch_request
    return self.view_functions[rule.endpoint](**req.view_args)
  File "D:\SoftEngine\classroomManager\project\project\utildef.py", line 21, in decorator
    rv = f(*args, **kwargs)
  File "C:\Users\16zhchen\AppData\Local\Programs\Python\Python36\lib\site-packages\flask\views.py", line 88, in view
    return self.dispatch_request(*args, **kwargs)
  File "C:\Users\16zhchen\AppData\Local\Programs\Python\Python36\lib\site-packages\flask\views.py", line 158, in dispatch_request
    return meth(*args, **kwargs)
  File "D:\SoftEngine\classroomManager\project\project\main\views.py", line 402, in post
    filter_data = json.loads(data['filter'])
KeyError: 'filter'
2018-12-23 16:00:42,979 ERROR:Exception on /main/tb_reservation [POST] [in C:\Users\16zhchen\AppData\Local\Programs\Python\Python36\lib\site-packages\flask\app.py:1761]
Traceback (most recent call last):
  File "C:\Users\16zhchen\AppData\Local\Programs\Python\Python36\lib\site-packages\flask\app.py", line 2292, in wsgi_app
    response = self.full_dispatch_request()
  File "C:\Users\16zhchen\AppData\Local\Programs\Python\Python36\lib\site-packages\flask\app.py", line 1815, in full_dispatch_request
    rv = self.handle_user_exception(e)
  File "C:\Users\16zhchen\AppData\Local\Programs\Python\Python36\lib\site-packages\flask\app.py", line 1718, in handle_user_exception
    reraise(exc_type, exc_value, tb)
  File "C:\Users\16zhchen\AppData\Local\Programs\Python\Python36\lib\site-packages\flask\_compat.py", line 35, in reraise
    raise value
  File "C:\Users\16zhchen\AppData\Local\Programs\Python\Python36\lib\site-packages\flask\app.py", line 1813, in full_dispatch_request
    rv = self.dispatch_request()
  File "C:\Users\16zhchen\AppData\Local\Programs\Python\Python36\lib\site-packages\flask\app.py", line 1799, in dispatch_request
    return self.view_functions[rule.endpoint](**req.view_args)
  File "D:\SoftEngine\classroomManager\project\project\utildef.py", line 21, in decorator
    rv = f(*args, **kwargs)
  File "C:\Users\16zhchen\AppData\Local\Programs\Python\Python36\lib\site-packages\flask\views.py", line 88, in view
    return self.dispatch_request(*args, **kwargs)
  File "C:\Users\16zhchen\AppData\Local\Programs\Python\Python36\lib\site-packages\flask\views.py", line 158, in dispatch_request
    return meth(*args, **kwargs)
  File "D:\SoftEngine\classroomManager\project\project\main\views.py", line 402, in post
    filter_data = json.loads(data['filter'])
KeyError: 'filter'
2018-12-23 16:02:17,577 ERROR:Exception on /main/tb_mechmism [POST] [in C:\Users\16zhchen\AppData\Local\Programs\Python\Python36\lib\site-packages\flask\app.py:1761]
Traceback (most recent call last):
  File "C:\Users\16zhchen\AppData\Local\Programs\Python\Python36\lib\site-packages\flask\app.py", line 2292, in wsgi_app
    response = self.full_dispatch_request()
  File "C:\Users\16zhchen\AppData\Local\Programs\Python\Python36\lib\site-packages\flask\app.py", line 1815, in full_dispatch_request
    rv = self.handle_user_exception(e)
  File "C:\Users\16zhchen\AppData\Local\Programs\Python\Python36\lib\site-packages\flask\app.py", line 1718, in handle_user_exception
    reraise(exc_type, exc_value, tb)
  File "C:\Users\16zhchen\AppData\Local\Programs\Python\Python36\lib\site-packages\flask\_compat.py", line 35, in reraise
    raise value
  File "C:\Users\16zhchen\AppData\Local\Programs\Python\Python36\lib\site-packages\flask\app.py", line 1813, in full_dispatch_request
    rv = self.dispatch_request()
  File "C:\Users\16zhchen\AppData\Local\Programs\Python\Python36\lib\site-packages\flask\app.py", line 1799, in dispatch_request
    return self.view_functions[rule.endpoint](**req.view_args)
  File "D:\SoftEngine\classroomManager\project\project\utildef.py", line 21, in decorator
    rv = f(*args, **kwargs)
  File "C:\Users\16zhchen\AppData\Local\Programs\Python\Python36\lib\site-packages\flask\views.py", line 88, in view
    return self.dispatch_request(*args, **kwargs)
  File "C:\Users\16zhchen\AppData\Local\Programs\Python\Python36\lib\site-packages\flask\views.py", line 158, in dispatch_request
    return meth(*args, **kwargs)
  File "D:\SoftEngine\classroomManager\project\project\main\views.py", line 201, in post
    data = json.loads(request.data)
  File "C:\Users\16zhchen\AppData\Local\Programs\Python\Python36\lib\json\__init__.py", line 354, in loads
    return _default_decoder.decode(s)
  File "C:\Users\16zhchen\AppData\Local\Programs\Python\Python36\lib\json\decoder.py", line 339, in decode
    obj, end = self.raw_decode(s, idx=_w(s, 0).end())
  File "C:\Users\16zhchen\AppData\Local\Programs\Python\Python36\lib\json\decoder.py", line 357, in raw_decode
    raise JSONDecodeError("Expecting value", s, err.value) from None
json.decoder.JSONDecodeError: Expecting value: line 2 column 18 (char 19)
2018-12-23 16:03:05,656 ERROR:Exception on /main/tb_mechmism [POST] [in C:\Users\16zhchen\AppData\Local\Programs\Python\Python36\lib\site-packages\flask\app.py:1761]
Traceback (most recent call last):
  File "C:\Users\16zhchen\AppData\Local\Programs\Python\Python36\lib\site-packages\flask\app.py", line 2292, in wsgi_app
    response = self.full_dispatch_request()
  File "C:\Users\16zhchen\AppData\Local\Programs\Python\Python36\lib\site-packages\flask\app.py", line 1815, in full_dispatch_request
    rv = self.handle_user_exception(e)
  File "C:\Users\16zhchen\AppData\Local\Programs\Python\Python36\lib\site-packages\flask\app.py", line 1718, in handle_user_exception
    reraise(exc_type, exc_value, tb)
  File "C:\Users\16zhchen\AppData\Local\Programs\Python\Python36\lib\site-packages\flask\_compat.py", line 35, in reraise
    raise value
  File "C:\Users\16zhchen\AppData\Local\Programs\Python\Python36\lib\site-packages\flask\app.py", line 1813, in full_dispatch_request
    rv = self.dispatch_request()
  File "C:\Users\16zhchen\AppData\Local\Programs\Python\Python36\lib\site-packages\flask\app.py", line 1799, in dispatch_request
    return self.view_functions[rule.endpoint](**req.view_args)
  File "D:\SoftEngine\classroomManager\project\project\utildef.py", line 21, in decorator
    rv = f(*args, **kwargs)
  File "C:\Users\16zhchen\AppData\Local\Programs\Python\Python36\lib\site-packages\flask\views.py", line 88, in view
    return self.dispatch_request(*args, **kwargs)
  File "C:\Users\16zhchen\AppData\Local\Programs\Python\Python36\lib\site-packages\flask\views.py", line 158, in dispatch_request
    return meth(*args, **kwargs)
  File "D:\SoftEngine\classroomManager\project\project\main\views.py", line 201, in post
    data = json.loads(request.data)
  File "C:\Users\16zhchen\AppData\Local\Programs\Python\Python36\lib\json\__init__.py", line 354, in loads
    return _default_decoder.decode(s)
  File "C:\Users\16zhchen\AppData\Local\Programs\Python\Python36\lib\json\decoder.py", line 339, in decode
    obj, end = self.raw_decode(s, idx=_w(s, 0).end())
  File "C:\Users\16zhchen\AppData\Local\Programs\Python\Python36\lib\json\decoder.py", line 355, in raw_decode
    obj, end = self.scan_once(s, idx)
json.decoder.JSONDecodeError: Expecting property name enclosed in double quotes: line 2 column 2 (char 3)
2018-12-24 16:28:21,296 ERROR:Exception on /main/tb_mechmism [PUT] [in C:\Users\16zhchen\AppData\Local\Programs\Python\Python36\lib\site-packages\flask\app.py:1761]
Traceback (most recent call last):
  File "C:\Users\16zhchen\AppData\Local\Programs\Python\Python36\lib\site-packages\flask\app.py", line 2292, in wsgi_app
    response = self.full_dispatch_request()
  File "C:\Users\16zhchen\AppData\Local\Programs\Python\Python36\lib\site-packages\flask\app.py", line 1815, in full_dispatch_request
    rv = self.handle_user_exception(e)
  File "C:\Users\16zhchen\AppData\Local\Programs\Python\Python36\lib\site-packages\flask\app.py", line 1718, in handle_user_exception
    reraise(exc_type, exc_value, tb)
  File "C:\Users\16zhchen\AppData\Local\Programs\Python\Python36\lib\site-packages\flask\_compat.py", line 35, in reraise
    raise value
  File "C:\Users\16zhchen\AppData\Local\Programs\Python\Python36\lib\site-packages\flask\app.py", line 1813, in full_dispatch_request
    rv = self.dispatch_request()
  File "C:\Users\16zhchen\AppData\Local\Programs\Python\Python36\lib\site-packages\flask\app.py", line 1799, in dispatch_request
    return self.view_functions[rule.endpoint](**req.view_args)
  File "D:\SoftEngine\classroomManager\project\project\utildef.py", line 21, in decorator
    rv = f(*args, **kwargs)
  File "C:\Users\16zhchen\AppData\Local\Programs\Python\Python36\lib\site-packages\flask\views.py", line 88, in view
    return self.dispatch_request(*args, **kwargs)
  File "C:\Users\16zhchen\AppData\Local\Programs\Python\Python36\lib\site-packages\flask\views.py", line 158, in dispatch_request
    return meth(*args, **kwargs)
  File "D:\SoftEngine\classroomManager\project\project\main\views.py", line 183, in put
    data = json.loads(request.data)
  File "C:\Users\16zhchen\AppData\Local\Programs\Python\Python36\lib\json\__init__.py", line 354, in loads
    return _default_decoder.decode(s)
  File "C:\Users\16zhchen\AppData\Local\Programs\Python\Python36\lib\json\decoder.py", line 339, in decode
    obj, end = self.raw_decode(s, idx=_w(s, 0).end())
  File "C:\Users\16zhchen\AppData\Local\Programs\Python\Python36\lib\json\decoder.py", line 355, in raw_decode
    obj, end = self.scan_once(s, idx)
json.decoder.JSONDecodeError: Expecting property name enclosed in double quotes: line 2 column 2 (char 3)
2018-12-24 16:29:02,760 ERROR:Exception on /main/tb_mechmism [PUT] [in C:\Users\16zhchen\AppData\Local\Programs\Python\Python36\lib\site-packages\flask\app.py:1761]
Traceback (most recent call last):
  File "C:\Users\16zhchen\AppData\Local\Programs\Python\Python36\lib\site-packages\flask\app.py", line 2292, in wsgi_app
    response = self.full_dispatch_request()
  File "C:\Users\16zhchen\AppData\Local\Programs\Python\Python36\lib\site-packages\flask\app.py", line 1815, in full_dispatch_request
    rv = self.handle_user_exception(e)
  File "C:\Users\16zhchen\AppData\Local\Programs\Python\Python36\lib\site-packages\flask\app.py", line 1718, in handle_user_exception
    reraise(exc_type, exc_value, tb)
  File "C:\Users\16zhchen\AppData\Local\Programs\Python\Python36\lib\site-packages\flask\_compat.py", line 35, in reraise
    raise value
  File "C:\Users\16zhchen\AppData\Local\Programs\Python\Python36\lib\site-packages\flask\app.py", line 1813, in full_dispatch_request
    rv = self.dispatch_request()
  File "C:\Users\16zhchen\AppData\Local\Programs\Python\Python36\lib\site-packages\flask\app.py", line 1799, in dispatch_request
    return self.view_functions[rule.endpoint](**req.view_args)
  File "D:\SoftEngine\classroomManager\project\project\utildef.py", line 21, in decorator
    rv = f(*args, **kwargs)
  File "C:\Users\16zhchen\AppData\Local\Programs\Python\Python36\lib\site-packages\flask\views.py", line 88, in view
    return self.dispatch_request(*args, **kwargs)
  File "C:\Users\16zhchen\AppData\Local\Programs\Python\Python36\lib\site-packages\flask\views.py", line 158, in dispatch_request
    return meth(*args, **kwargs)
  File "D:\SoftEngine\classroomManager\project\project\main\views.py", line 183, in put
    data = json.loads(request.data)
  File "C:\Users\16zhchen\AppData\Local\Programs\Python\Python36\lib\json\__init__.py", line 354, in loads
    return _default_decoder.decode(s)
  File "C:\Users\16zhchen\AppData\Local\Programs\Python\Python36\lib\json\decoder.py", line 339, in decode
    obj, end = self.raw_decode(s, idx=_w(s, 0).end())
  File "C:\Users\16zhchen\AppData\Local\Programs\Python\Python36\lib\json\decoder.py", line 355, in raw_decode
    obj, end = self.scan_once(s, idx)
json.decoder.JSONDecodeError: Expecting property name enclosed in double quotes: line 2 column 2 (char 3)
2018-12-24 16:30:37,129 ERROR:Exception on /main/tb_mechmism [PUT] [in C:\Users\16zhchen\AppData\Local\Programs\Python\Python36\lib\site-packages\flask\app.py:1761]
Traceback (most recent call last):
  File "C:\Users\16zhchen\AppData\Local\Programs\Python\Python36\lib\site-packages\flask\app.py", line 2292, in wsgi_app
    response = self.full_dispatch_request()
  File "C:\Users\16zhchen\AppData\Local\Programs\Python\Python36\lib\site-packages\flask\app.py", line 1815, in full_dispatch_request
    rv = self.handle_user_exception(e)
  File "C:\Users\16zhchen\AppData\Local\Programs\Python\Python36\lib\site-packages\flask\app.py", line 1718, in handle_user_exception
    reraise(exc_type, exc_value, tb)
  File "C:\Users\16zhchen\AppData\Local\Programs\Python\Python36\lib\site-packages\flask\_compat.py", line 35, in reraise
    raise value
  File "C:\Users\16zhchen\AppData\Local\Programs\Python\Python36\lib\site-packages\flask\app.py", line 1813, in full_dispatch_request
    rv = self.dispatch_request()
  File "C:\Users\16zhchen\AppData\Local\Programs\Python\Python36\lib\site-packages\flask\app.py", line 1799, in dispatch_request
    return self.view_functions[rule.endpoint](**req.view_args)
  File "D:\SoftEngine\classroomManager\project\project\utildef.py", line 21, in decorator
    rv = f(*args, **kwargs)
  File "C:\Users\16zhchen\AppData\Local\Programs\Python\Python36\lib\site-packages\flask\views.py", line 88, in view
    return self.dispatch_request(*args, **kwargs)
  File "C:\Users\16zhchen\AppData\Local\Programs\Python\Python36\lib\site-packages\flask\views.py", line 158, in dispatch_request
    return meth(*args, **kwargs)
  File "D:\SoftEngine\classroomManager\project\project\main\views.py", line 183, in put
    data = json.loads(request.data)
  File "C:\Users\16zhchen\AppData\Local\Programs\Python\Python36\lib\json\__init__.py", line 354, in loads
    return _default_decoder.decode(s)
  File "C:\Users\16zhchen\AppData\Local\Programs\Python\Python36\lib\json\decoder.py", line 339, in decode
    obj, end = self.raw_decode(s, idx=_w(s, 0).end())
  File "C:\Users\16zhchen\AppData\Local\Programs\Python\Python36\lib\json\decoder.py", line 355, in raw_decode
    obj, end = self.scan_once(s, idx)
json.decoder.JSONDecodeError: Expecting ',' delimiter: line 4 column 3 (char 41)
2018-12-24 16:30:50,685 ERROR:Exception on /main/tb_mechmism [PUT] [in C:\Users\16zhchen\AppData\Local\Programs\Python\Python36\lib\site-packages\flask\app.py:1761]
Traceback (most recent call last):
  File "C:\Users\16zhchen\AppData\Local\Programs\Python\Python36\lib\site-packages\flask\app.py", line 2292, in wsgi_app
    response = self.full_dispatch_request()
  File "C:\Users\16zhchen\AppData\Local\Programs\Python\Python36\lib\site-packages\flask\app.py", line 1815, in full_dispatch_request
    rv = self.handle_user_exception(e)
  File "C:\Users\16zhchen\AppData\Local\Programs\Python\Python36\lib\site-packages\flask\app.py", line 1718, in handle_user_exception
    reraise(exc_type, exc_value, tb)
  File "C:\Users\16zhchen\AppData\Local\Programs\Python\Python36\lib\site-packages\flask\_compat.py", line 35, in reraise
    raise value
  File "C:\Users\16zhchen\AppData\Local\Programs\Python\Python36\lib\site-packages\flask\app.py", line 1813, in full_dispatch_request
    rv = self.dispatch_request()
  File "C:\Users\16zhchen\AppData\Local\Programs\Python\Python36\lib\site-packages\flask\app.py", line 1799, in dispatch_request
    return self.view_functions[rule.endpoint](**req.view_args)
  File "D:\SoftEngine\classroomManager\project\project\utildef.py", line 21, in decorator
    rv = f(*args, **kwargs)
  File "C:\Users\16zhchen\AppData\Local\Programs\Python\Python36\lib\site-packages\flask\views.py", line 88, in view
    return self.dispatch_request(*args, **kwargs)
  File "C:\Users\16zhchen\AppData\Local\Programs\Python\Python36\lib\site-packages\flask\views.py", line 158, in dispatch_request
    return meth(*args, **kwargs)
  File "D:\SoftEngine\classroomManager\project\project\main\views.py", line 184, in put
    course = tb_mechmism(**data)
  File "<string>", line 4, in __init__
  File "C:\Users\16zhchen\AppData\Local\Programs\Python\Python36\lib\site-packages\sqlalchemy\orm\state.py", line 424, in _initialize_instance
    manager.dispatch.init_failure(self, args, kwargs)
  File "C:\Users\16zhchen\AppData\Local\Programs\Python\Python36\lib\site-packages\sqlalchemy\util\langhelpers.py", line 66, in __exit__
    compat.reraise(exc_type, exc_value, exc_tb)
  File "C:\Users\16zhchen\AppData\Local\Programs\Python\Python36\lib\site-packages\sqlalchemy\util\compat.py", line 249, in reraise
    raise value
  File "C:\Users\16zhchen\AppData\Local\Programs\Python\Python36\lib\site-packages\sqlalchemy\orm\state.py", line 421, in _initialize_instance
    return manager.original_init(*mixed[1:], **kwargs)
  File "C:\Users\16zhchen\AppData\Local\Programs\Python\Python36\lib\site-packages\sqlalchemy\ext\declarative\base.py", line 761, in _declarative_constructor
    (k, cls_.__name__))
TypeError: 'update' is an invalid keyword argument for tb_mechmism
2018-12-24 16:32:31,367 ERROR:Exception on /main/tb_mechmism [DELETE] [in C:\Users\16zhchen\AppData\Local\Programs\Python\Python36\lib\site-packages\flask\app.py:1761]
Traceback (most recent call last):
  File "C:\Users\16zhchen\AppData\Local\Programs\Python\Python36\lib\site-packages\flask\app.py", line 2292, in wsgi_app
    response = self.full_dispatch_request()
  File "C:\Users\16zhchen\AppData\Local\Programs\Python\Python36\lib\site-packages\flask\app.py", line 1815, in full_dispatch_request
    rv = self.handle_user_exception(e)
  File "C:\Users\16zhchen\AppData\Local\Programs\Python\Python36\lib\site-packages\flask\app.py", line 1718, in handle_user_exception
    reraise(exc_type, exc_value, tb)
  File "C:\Users\16zhchen\AppData\Local\Programs\Python\Python36\lib\site-packages\flask\_compat.py", line 35, in reraise
    raise value
  File "C:\Users\16zhchen\AppData\Local\Programs\Python\Python36\lib\site-packages\flask\app.py", line 1813, in full_dispatch_request
    rv = self.dispatch_request()
  File "C:\Users\16zhchen\AppData\Local\Programs\Python\Python36\lib\site-packages\flask\app.py", line 1799, in dispatch_request
    return self.view_functions[rule.endpoint](**req.view_args)
  File "D:\SoftEngine\classroomManager\project\project\utildef.py", line 21, in decorator
    rv = f(*args, **kwargs)
  File "C:\Users\16zhchen\AppData\Local\Programs\Python\Python36\lib\site-packages\flask\views.py", line 88, in view
    return self.dispatch_request(*args, **kwargs)
  File "C:\Users\16zhchen\AppData\Local\Programs\Python\Python36\lib\site-packages\flask\views.py", line 158, in dispatch_request
    return meth(*args, **kwargs)
  File "D:\SoftEngine\classroomManager\project\project\main\views.py", line 190, in delete
    data = json.loads(request.data)
  File "C:\Users\16zhchen\AppData\Local\Programs\Python\Python36\lib\json\__init__.py", line 354, in loads
    return _default_decoder.decode(s)
  File "C:\Users\16zhchen\AppData\Local\Programs\Python\Python36\lib\json\decoder.py", line 339, in decode
    obj, end = self.raw_decode(s, idx=_w(s, 0).end())
  File "C:\Users\16zhchen\AppData\Local\Programs\Python\Python36\lib\json\decoder.py", line 355, in raw_decode
    obj, end = self.scan_once(s, idx)
json.decoder.JSONDecodeError: Expecting property name enclosed in double quotes: line 4 column 1 (char 17)
2018-12-24 16:36:12,324 ERROR:Exception on /main/tb_mechmism [POST] [in C:\Users\16zhchen\AppData\Local\Programs\Python\Python36\lib\site-packages\flask\app.py:1761]
Traceback (most recent call last):
  File "C:\Users\16zhchen\AppData\Local\Programs\Python\Python36\lib\site-packages\flask\app.py", line 2292, in wsgi_app
    response = self.full_dispatch_request()
  File "C:\Users\16zhchen\AppData\Local\Programs\Python\Python36\lib\site-packages\flask\app.py", line 1815, in full_dispatch_request
    rv = self.handle_user_exception(e)
  File "C:\Users\16zhchen\AppData\Local\Programs\Python\Python36\lib\site-packages\flask\app.py", line 1718, in handle_user_exception
    reraise(exc_type, exc_value, tb)
  File "C:\Users\16zhchen\AppData\Local\Programs\Python\Python36\lib\site-packages\flask\_compat.py", line 35, in reraise
    raise value
  File "C:\Users\16zhchen\AppData\Local\Programs\Python\Python36\lib\site-packages\flask\app.py", line 1813, in full_dispatch_request
    rv = self.dispatch_request()
  File "C:\Users\16zhchen\AppData\Local\Programs\Python\Python36\lib\site-packages\flask\app.py", line 1799, in dispatch_request
    return self.view_functions[rule.endpoint](**req.view_args)
  File "D:\SoftEngine\classroomManager\project\project\utildef.py", line 21, in decorator
    rv = f(*args, **kwargs)
  File "C:\Users\16zhchen\AppData\Local\Programs\Python\Python36\lib\site-packages\flask\views.py", line 88, in view
    return self.dispatch_request(*args, **kwargs)
  File "C:\Users\16zhchen\AppData\Local\Programs\Python\Python36\lib\site-packages\flask\views.py", line 158, in dispatch_request
    return meth(*args, **kwargs)
  File "D:\SoftEngine\classroomManager\project\project\main\views.py", line 202, in post
    filter_data = json.loads(data['filter'])
  File "C:\Users\16zhchen\AppData\Local\Programs\Python\Python36\lib\json\__init__.py", line 348, in loads
    'not {!r}'.format(s.__class__.__name__))
TypeError: the JSON object must be str, bytes or bytearray, not 'dict'
2018-12-24 16:36:25,121 ERROR:Exception on /main/tb_mechmism [POST] [in C:\Users\16zhchen\AppData\Local\Programs\Python\Python36\lib\site-packages\flask\app.py:1761]
Traceback (most recent call last):
  File "C:\Users\16zhchen\AppData\Local\Programs\Python\Python36\lib\site-packages\flask\app.py", line 2292, in wsgi_app
    response = self.full_dispatch_request()
  File "C:\Users\16zhchen\AppData\Local\Programs\Python\Python36\lib\site-packages\flask\app.py", line 1815, in full_dispatch_request
    rv = self.handle_user_exception(e)
  File "C:\Users\16zhchen\AppData\Local\Programs\Python\Python36\lib\site-packages\flask\app.py", line 1718, in handle_user_exception
    reraise(exc_type, exc_value, tb)
  File "C:\Users\16zhchen\AppData\Local\Programs\Python\Python36\lib\site-packages\flask\_compat.py", line 35, in reraise
    raise value
  File "C:\Users\16zhchen\AppData\Local\Programs\Python\Python36\lib\site-packages\flask\app.py", line 1813, in full_dispatch_request
    rv = self.dispatch_request()
  File "C:\Users\16zhchen\AppData\Local\Programs\Python\Python36\lib\site-packages\flask\app.py", line 1799, in dispatch_request
    return self.view_functions[rule.endpoint](**req.view_args)
  File "D:\SoftEngine\classroomManager\project\project\utildef.py", line 21, in decorator
    rv = f(*args, **kwargs)
  File "C:\Users\16zhchen\AppData\Local\Programs\Python\Python36\lib\site-packages\flask\views.py", line 88, in view
    return self.dispatch_request(*args, **kwargs)
  File "C:\Users\16zhchen\AppData\Local\Programs\Python\Python36\lib\site-packages\flask\views.py", line 158, in dispatch_request
    return meth(*args, **kwargs)
  File "D:\SoftEngine\classroomManager\project\project\main\views.py", line 202, in post
    filter_data = json.loads(data['filter'])
  File "C:\Users\16zhchen\AppData\Local\Programs\Python\Python36\lib\json\__init__.py", line 348, in loads
    'not {!r}'.format(s.__class__.__name__))
TypeError: the JSON object must be str, bytes or bytearray, not 'dict'
2018-12-24 16:36:49,703 ERROR:Exception on /main/tb_mechmism [POST] [in C:\Users\16zhchen\AppData\Local\Programs\Python\Python36\lib\site-packages\flask\app.py:1761]
Traceback (most recent call last):
  File "C:\Users\16zhchen\AppData\Local\Programs\Python\Python36\lib\site-packages\flask\app.py", line 2292, in wsgi_app
    response = self.full_dispatch_request()
  File "C:\Users\16zhchen\AppData\Local\Programs\Python\Python36\lib\site-packages\flask\app.py", line 1815, in full_dispatch_request
    rv = self.handle_user_exception(e)
  File "C:\Users\16zhchen\AppData\Local\Programs\Python\Python36\lib\site-packages\flask\app.py", line 1718, in handle_user_exception
    reraise(exc_type, exc_value, tb)
  File "C:\Users\16zhchen\AppData\Local\Programs\Python\Python36\lib\site-packages\flask\_compat.py", line 35, in reraise
    raise value
  File "C:\Users\16zhchen\AppData\Local\Programs\Python\Python36\lib\site-packages\flask\app.py", line 1813, in full_dispatch_request
    rv = self.dispatch_request()
  File "C:\Users\16zhchen\AppData\Local\Programs\Python\Python36\lib\site-packages\flask\app.py", line 1799, in dispatch_request
    return self.view_functions[rule.endpoint](**req.view_args)
  File "D:\SoftEngine\classroomManager\project\project\utildef.py", line 21, in decorator
    rv = f(*args, **kwargs)
  File "C:\Users\16zhchen\AppData\Local\Programs\Python\Python36\lib\site-packages\flask\views.py", line 88, in view
    return self.dispatch_request(*args, **kwargs)
  File "C:\Users\16zhchen\AppData\Local\Programs\Python\Python36\lib\site-packages\flask\views.py", line 158, in dispatch_request
    return meth(*args, **kwargs)
  File "D:\SoftEngine\classroomManager\project\project\main\views.py", line 201, in post
    data = json.loads(request.data)
  File "C:\Users\16zhchen\AppData\Local\Programs\Python\Python36\lib\json\__init__.py", line 354, in loads
    return _default_decoder.decode(s)
  File "C:\Users\16zhchen\AppData\Local\Programs\Python\Python36\lib\json\decoder.py", line 339, in decode
    obj, end = self.raw_decode(s, idx=_w(s, 0).end())
  File "C:\Users\16zhchen\AppData\Local\Programs\Python\Python36\lib\json\decoder.py", line 355, in raw_decode
    obj, end = self.scan_once(s, idx)
json.decoder.JSONDecodeError: Invalid control character at: line 2 column 13 (char 14)
2018-12-24 16:37:42,969 ERROR:Exception on /main/tb_mechmism [POST] [in C:\Users\16zhchen\AppData\Local\Programs\Python\Python36\lib\site-packages\flask\app.py:1761]
Traceback (most recent call last):
  File "C:\Users\16zhchen\AppData\Local\Programs\Python\Python36\lib\site-packages\flask\app.py", line 2292, in wsgi_app
    response = self.full_dispatch_request()
  File "C:\Users\16zhchen\AppData\Local\Programs\Python\Python36\lib\site-packages\flask\app.py", line 1815, in full_dispatch_request
    rv = self.handle_user_exception(e)
  File "C:\Users\16zhchen\AppData\Local\Programs\Python\Python36\lib\site-packages\flask\app.py", line 1718, in handle_user_exception
    reraise(exc_type, exc_value, tb)
  File "C:\Users\16zhchen\AppData\Local\Programs\Python\Python36\lib\site-packages\flask\_compat.py", line 35, in reraise
    raise value
  File "C:\Users\16zhchen\AppData\Local\Programs\Python\Python36\lib\site-packages\flask\app.py", line 1813, in full_dispatch_request
    rv = self.dispatch_request()
  File "C:\Users\16zhchen\AppData\Local\Programs\Python\Python36\lib\site-packages\flask\app.py", line 1799, in dispatch_request
    return self.view_functions[rule.endpoint](**req.view_args)
  File "D:\SoftEngine\classroomManager\project\project\utildef.py", line 21, in decorator
    rv = f(*args, **kwargs)
  File "C:\Users\16zhchen\AppData\Local\Programs\Python\Python36\lib\site-packages\flask\views.py", line 88, in view
    return self.dispatch_request(*args, **kwargs)
  File "C:\Users\16zhchen\AppData\Local\Programs\Python\Python36\lib\site-packages\flask\views.py", line 158, in dispatch_request
    return meth(*args, **kwargs)
  File "D:\SoftEngine\classroomManager\project\project\main\views.py", line 201, in post
    data = json.loads(request.data)
  File "C:\Users\16zhchen\AppData\Local\Programs\Python\Python36\lib\json\__init__.py", line 354, in loads
    return _default_decoder.decode(s)
  File "C:\Users\16zhchen\AppData\Local\Programs\Python\Python36\lib\json\decoder.py", line 339, in decode
    obj, end = self.raw_decode(s, idx=_w(s, 0).end())
  File "C:\Users\16zhchen\AppData\Local\Programs\Python\Python36\lib\json\decoder.py", line 355, in raw_decode
    obj, end = self.scan_once(s, idx)
json.decoder.JSONDecodeError: Expecting ',' delimiter: line 2 column 14 (char 15)
2018-12-24 16:39:25,540 ERROR:Exception on /main/tb_mechmism [POST] [in C:\Users\16zhchen\AppData\Local\Programs\Python\Python36\lib\site-packages\flask\app.py:1761]
Traceback (most recent call last):
  File "C:\Users\16zhchen\AppData\Local\Programs\Python\Python36\lib\site-packages\flask\app.py", line 2292, in wsgi_app
    response = self.full_dispatch_request()
  File "C:\Users\16zhchen\AppData\Local\Programs\Python\Python36\lib\site-packages\flask\app.py", line 1815, in full_dispatch_request
    rv = self.handle_user_exception(e)
  File "C:\Users\16zhchen\AppData\Local\Programs\Python\Python36\lib\site-packages\flask\app.py", line 1718, in handle_user_exception
    reraise(exc_type, exc_value, tb)
  File "C:\Users\16zhchen\AppData\Local\Programs\Python\Python36\lib\site-packages\flask\_compat.py", line 35, in reraise
    raise value
  File "C:\Users\16zhchen\AppData\Local\Programs\Python\Python36\lib\site-packages\flask\app.py", line 1813, in full_dispatch_request
    rv = self.dispatch_request()
  File "C:\Users\16zhchen\AppData\Local\Programs\Python\Python36\lib\site-packages\flask\app.py", line 1799, in dispatch_request
    return self.view_functions[rule.endpoint](**req.view_args)
  File "D:\SoftEngine\classroomManager\project\project\utildef.py", line 21, in decorator
    rv = f(*args, **kwargs)
  File "C:\Users\16zhchen\AppData\Local\Programs\Python\Python36\lib\site-packages\flask\views.py", line 88, in view
    return self.dispatch_request(*args, **kwargs)
  File "C:\Users\16zhchen\AppData\Local\Programs\Python\Python36\lib\site-packages\flask\views.py", line 158, in dispatch_request
    return meth(*args, **kwargs)
  File "D:\SoftEngine\classroomManager\project\project\main\views.py", line 201, in post
    data = json.loads(request.data)
  File "C:\Users\16zhchen\AppData\Local\Programs\Python\Python36\lib\json\__init__.py", line 354, in loads
    return _default_decoder.decode(s)
  File "C:\Users\16zhchen\AppData\Local\Programs\Python\Python36\lib\json\decoder.py", line 339, in decode
    obj, end = self.raw_decode(s, idx=_w(s, 0).end())
  File "C:\Users\16zhchen\AppData\Local\Programs\Python\Python36\lib\json\decoder.py", line 355, in raw_decode
    obj, end = self.scan_once(s, idx)
json.decoder.JSONDecodeError: Expecting ',' delimiter: line 2 column 14 (char 15)
2018-12-24 16:41:22,896 ERROR:Exception on /main/tb_mechmism [POST] [in C:\Users\16zhchen\AppData\Local\Programs\Python\Python36\lib\site-packages\flask\app.py:1761]
Traceback (most recent call last):
  File "C:\Users\16zhchen\AppData\Local\Programs\Python\Python36\lib\site-packages\flask\app.py", line 2292, in wsgi_app
    response = self.full_dispatch_request()
  File "C:\Users\16zhchen\AppData\Local\Programs\Python\Python36\lib\site-packages\flask\app.py", line 1815, in full_dispatch_request
    rv = self.handle_user_exception(e)
  File "C:\Users\16zhchen\AppData\Local\Programs\Python\Python36\lib\site-packages\flask\app.py", line 1718, in handle_user_exception
    reraise(exc_type, exc_value, tb)
  File "C:\Users\16zhchen\AppData\Local\Programs\Python\Python36\lib\site-packages\flask\_compat.py", line 35, in reraise
    raise value
  File "C:\Users\16zhchen\AppData\Local\Programs\Python\Python36\lib\site-packages\flask\app.py", line 1813, in full_dispatch_request
    rv = self.dispatch_request()
  File "C:\Users\16zhchen\AppData\Local\Programs\Python\Python36\lib\site-packages\flask\app.py", line 1799, in dispatch_request
    return self.view_functions[rule.endpoint](**req.view_args)
  File "D:\SoftEngine\classroomManager\project\project\utildef.py", line 21, in decorator
    rv = f(*args, **kwargs)
  File "C:\Users\16zhchen\AppData\Local\Programs\Python\Python36\lib\site-packages\flask\views.py", line 88, in view
    return self.dispatch_request(*args, **kwargs)
  File "C:\Users\16zhchen\AppData\Local\Programs\Python\Python36\lib\site-packages\flask\views.py", line 158, in dispatch_request
    return meth(*args, **kwargs)
  File "D:\SoftEngine\classroomManager\project\project\main\views.py", line 201, in post
    data = json.loads(request.data)
  File "C:\Users\16zhchen\AppData\Local\Programs\Python\Python36\lib\json\__init__.py", line 354, in loads
    return _default_decoder.decode(s)
  File "C:\Users\16zhchen\AppData\Local\Programs\Python\Python36\lib\json\decoder.py", line 339, in decode
    obj, end = self.raw_decode(s, idx=_w(s, 0).end())
  File "C:\Users\16zhchen\AppData\Local\Programs\Python\Python36\lib\json\decoder.py", line 355, in raw_decode
    obj, end = self.scan_once(s, idx)
json.decoder.JSONDecodeError: Expecting ',' delimiter: line 3 column 14 (char 31)
2018-12-24 16:44:00,615 ERROR:Exception on /main/tb_mechmism [POST] [in C:\Users\16zhchen\AppData\Local\Programs\Python\Python36\lib\site-packages\flask\app.py:1761]
Traceback (most recent call last):
  File "C:\Users\16zhchen\AppData\Local\Programs\Python\Python36\lib\site-packages\flask\app.py", line 2292, in wsgi_app
    response = self.full_dispatch_request()
  File "C:\Users\16zhchen\AppData\Local\Programs\Python\Python36\lib\site-packages\flask\app.py", line 1815, in full_dispatch_request
    rv = self.handle_user_exception(e)
  File "C:\Users\16zhchen\AppData\Local\Programs\Python\Python36\lib\site-packages\flask\app.py", line 1718, in handle_user_exception
    reraise(exc_type, exc_value, tb)
  File "C:\Users\16zhchen\AppData\Local\Programs\Python\Python36\lib\site-packages\flask\_compat.py", line 35, in reraise
    raise value
  File "C:\Users\16zhchen\AppData\Local\Programs\Python\Python36\lib\site-packages\flask\app.py", line 1813, in full_dispatch_request
    rv = self.dispatch_request()
  File "C:\Users\16zhchen\AppData\Local\Programs\Python\Python36\lib\site-packages\flask\app.py", line 1799, in dispatch_request
    return self.view_functions[rule.endpoint](**req.view_args)
  File "D:\SoftEngine\classroomManager\project\project\utildef.py", line 21, in decorator
    rv = f(*args, **kwargs)
  File "C:\Users\16zhchen\AppData\Local\Programs\Python\Python36\lib\site-packages\flask\views.py", line 88, in view
    return self.dispatch_request(*args, **kwargs)
  File "C:\Users\16zhchen\AppData\Local\Programs\Python\Python36\lib\site-packages\flask\views.py", line 158, in dispatch_request
    return meth(*args, **kwargs)
  File "D:\SoftEngine\classroomManager\project\project\main\views.py", line 201, in post
    data = json.loads(request.data)
  File "C:\Users\16zhchen\AppData\Local\Programs\Python\Python36\lib\json\__init__.py", line 354, in loads
    return _default_decoder.decode(s)
  File "C:\Users\16zhchen\AppData\Local\Programs\Python\Python36\lib\json\decoder.py", line 339, in decode
    obj, end = self.raw_decode(s, idx=_w(s, 0).end())
  File "C:\Users\16zhchen\AppData\Local\Programs\Python\Python36\lib\json\decoder.py", line 357, in raw_decode
    raise JSONDecodeError("Expecting value", s, err.value) from None
json.decoder.JSONDecodeError: Expecting value: line 2 column 11 (char 12)
2018-12-24 16:44:56,019 ERROR:Exception on /main/tb_mechmism [POST] [in C:\Users\16zhchen\AppData\Local\Programs\Python\Python36\lib\site-packages\flask\app.py:1761]
Traceback (most recent call last):
  File "C:\Users\16zhchen\AppData\Local\Programs\Python\Python36\lib\site-packages\flask\app.py", line 2292, in wsgi_app
    response = self.full_dispatch_request()
  File "C:\Users\16zhchen\AppData\Local\Programs\Python\Python36\lib\site-packages\flask\app.py", line 1815, in full_dispatch_request
    rv = self.handle_user_exception(e)
  File "C:\Users\16zhchen\AppData\Local\Programs\Python\Python36\lib\site-packages\flask\app.py", line 1718, in handle_user_exception
    reraise(exc_type, exc_value, tb)
  File "C:\Users\16zhchen\AppData\Local\Programs\Python\Python36\lib\site-packages\flask\_compat.py", line 35, in reraise
    raise value
  File "C:\Users\16zhchen\AppData\Local\Programs\Python\Python36\lib\site-packages\flask\app.py", line 1813, in full_dispatch_request
    rv = self.dispatch_request()
  File "C:\Users\16zhchen\AppData\Local\Programs\Python\Python36\lib\site-packages\flask\app.py", line 1799, in dispatch_request
    return self.view_functions[rule.endpoint](**req.view_args)
  File "D:\SoftEngine\classroomManager\project\project\utildef.py", line 21, in decorator
    rv = f(*args, **kwargs)
  File "C:\Users\16zhchen\AppData\Local\Programs\Python\Python36\lib\site-packages\flask\views.py", line 88, in view
    return self.dispatch_request(*args, **kwargs)
  File "C:\Users\16zhchen\AppData\Local\Programs\Python\Python36\lib\site-packages\flask\views.py", line 158, in dispatch_request
    return meth(*args, **kwargs)
  File "D:\SoftEngine\classroomManager\project\project\main\views.py", line 201, in post
    data = json.loads(request.data)
  File "C:\Users\16zhchen\AppData\Local\Programs\Python\Python36\lib\json\__init__.py", line 354, in loads
    return _default_decoder.decode(s)
  File "C:\Users\16zhchen\AppData\Local\Programs\Python\Python36\lib\json\decoder.py", line 339, in decode
    obj, end = self.raw_decode(s, idx=_w(s, 0).end())
  File "C:\Users\16zhchen\AppData\Local\Programs\Python\Python36\lib\json\decoder.py", line 355, in raw_decode
    obj, end = self.scan_once(s, idx)
json.decoder.JSONDecodeError: Invalid control character at: line 2 column 13 (char 14)
2018-12-24 22:19:44,193 ERROR:Exception on /main/tb_mechmism [POST] [in C:\Users\16zhchen\AppData\Local\Programs\Python\Python36\lib\site-packages\flask\app.py:1761]
Traceback (most recent call last):
  File "C:\Users\16zhchen\AppData\Local\Programs\Python\Python36\lib\site-packages\flask\app.py", line 2292, in wsgi_app
    response = self.full_dispatch_request()
  File "C:\Users\16zhchen\AppData\Local\Programs\Python\Python36\lib\site-packages\flask\app.py", line 1815, in full_dispatch_request
    rv = self.handle_user_exception(e)
  File "C:\Users\16zhchen\AppData\Local\Programs\Python\Python36\lib\site-packages\flask\app.py", line 1718, in handle_user_exception
    reraise(exc_type, exc_value, tb)
  File "C:\Users\16zhchen\AppData\Local\Programs\Python\Python36\lib\site-packages\flask\_compat.py", line 35, in reraise
    raise value
  File "C:\Users\16zhchen\AppData\Local\Programs\Python\Python36\lib\site-packages\flask\app.py", line 1813, in full_dispatch_request
    rv = self.dispatch_request()
  File "C:\Users\16zhchen\AppData\Local\Programs\Python\Python36\lib\site-packages\flask\app.py", line 1799, in dispatch_request
    return self.view_functions[rule.endpoint](**req.view_args)
  File "D:\SoftEngine\classroomManager\project\project\utildef.py", line 21, in decorator
    rv = f(*args, **kwargs)
  File "C:\Users\16zhchen\AppData\Local\Programs\Python\Python36\lib\site-packages\flask\views.py", line 88, in view
    return self.dispatch_request(*args, **kwargs)
  File "C:\Users\16zhchen\AppData\Local\Programs\Python\Python36\lib\site-packages\flask\views.py", line 158, in dispatch_request
    return meth(*args, **kwargs)
  File "D:\SoftEngine\classroomManager\project\project\main\views.py", line 201, in post
    data = json.loads(request.data)
  File "C:\Users\16zhchen\AppData\Local\Programs\Python\Python36\lib\json\__init__.py", line 354, in loads
    return _default_decoder.decode(s)
  File "C:\Users\16zhchen\AppData\Local\Programs\Python\Python36\lib\json\decoder.py", line 339, in decode
    obj, end = self.raw_decode(s, idx=_w(s, 0).end())
  File "C:\Users\16zhchen\AppData\Local\Programs\Python\Python36\lib\json\decoder.py", line 355, in raw_decode
    obj, end = self.scan_once(s, idx)
json.decoder.JSONDecodeError: Expecting ',' delimiter: line 2 column 14 (char 15)
2018-12-24 22:20:33,230 ERROR:Exception on /main/tb_mechmism [POST] [in C:\Users\16zhchen\AppData\Local\Programs\Python\Python36\lib\site-packages\flask\app.py:1761]
Traceback (most recent call last):
  File "C:\Users\16zhchen\AppData\Local\Programs\Python\Python36\lib\site-packages\flask\app.py", line 2292, in wsgi_app
    response = self.full_dispatch_request()
  File "C:\Users\16zhchen\AppData\Local\Programs\Python\Python36\lib\site-packages\flask\app.py", line 1815, in full_dispatch_request
    rv = self.handle_user_exception(e)
  File "C:\Users\16zhchen\AppData\Local\Programs\Python\Python36\lib\site-packages\flask\app.py", line 1718, in handle_user_exception
    reraise(exc_type, exc_value, tb)
  File "C:\Users\16zhchen\AppData\Local\Programs\Python\Python36\lib\site-packages\flask\_compat.py", line 35, in reraise
    raise value
  File "C:\Users\16zhchen\AppData\Local\Programs\Python\Python36\lib\site-packages\flask\app.py", line 1813, in full_dispatch_request
    rv = self.dispatch_request()
  File "C:\Users\16zhchen\AppData\Local\Programs\Python\Python36\lib\site-packages\flask\app.py", line 1799, in dispatch_request
    return self.view_functions[rule.endpoint](**req.view_args)
  File "D:\SoftEngine\classroomManager\project\project\utildef.py", line 21, in decorator
    rv = f(*args, **kwargs)
  File "C:\Users\16zhchen\AppData\Local\Programs\Python\Python36\lib\site-packages\flask\views.py", line 88, in view
    return self.dispatch_request(*args, **kwargs)
  File "C:\Users\16zhchen\AppData\Local\Programs\Python\Python36\lib\site-packages\flask\views.py", line 158, in dispatch_request
    return meth(*args, **kwargs)
  File "D:\SoftEngine\classroomManager\project\project\main\views.py", line 201, in post
    data = json.loads(request.data)
  File "C:\Users\16zhchen\AppData\Local\Programs\Python\Python36\lib\json\__init__.py", line 354, in loads
    return _default_decoder.decode(s)
  File "C:\Users\16zhchen\AppData\Local\Programs\Python\Python36\lib\json\decoder.py", line 339, in decode
    obj, end = self.raw_decode(s, idx=_w(s, 0).end())
  File "C:\Users\16zhchen\AppData\Local\Programs\Python\Python36\lib\json\decoder.py", line 355, in raw_decode
    obj, end = self.scan_once(s, idx)
json.decoder.JSONDecodeError: Expecting ',' delimiter: line 2 column 14 (char 15)
2018-12-24 22:23:00,428 ERROR:Exception on /main/tb_mechmism [POST] [in C:\Users\16zhchen\AppData\Local\Programs\Python\Python36\lib\site-packages\flask\app.py:1761]
Traceback (most recent call last):
  File "C:\Users\16zhchen\AppData\Local\Programs\Python\Python36\lib\site-packages\flask\app.py", line 2292, in wsgi_app
    response = self.full_dispatch_request()
  File "C:\Users\16zhchen\AppData\Local\Programs\Python\Python36\lib\site-packages\flask\app.py", line 1815, in full_dispatch_request
    rv = self.handle_user_exception(e)
  File "C:\Users\16zhchen\AppData\Local\Programs\Python\Python36\lib\site-packages\flask\app.py", line 1718, in handle_user_exception
    reraise(exc_type, exc_value, tb)
  File "C:\Users\16zhchen\AppData\Local\Programs\Python\Python36\lib\site-packages\flask\_compat.py", line 35, in reraise
    raise value
  File "C:\Users\16zhchen\AppData\Local\Programs\Python\Python36\lib\site-packages\flask\app.py", line 1813, in full_dispatch_request
    rv = self.dispatch_request()
  File "C:\Users\16zhchen\AppData\Local\Programs\Python\Python36\lib\site-packages\flask\app.py", line 1799, in dispatch_request
    return self.view_functions[rule.endpoint](**req.view_args)
  File "D:\SoftEngine\classroomManager\project\project\utildef.py", line 21, in decorator
    rv = f(*args, **kwargs)
  File "C:\Users\16zhchen\AppData\Local\Programs\Python\Python36\lib\site-packages\flask\views.py", line 88, in view
    return self.dispatch_request(*args, **kwargs)
  File "C:\Users\16zhchen\AppData\Local\Programs\Python\Python36\lib\site-packages\flask\views.py", line 158, in dispatch_request
    return meth(*args, **kwargs)
  File "D:\SoftEngine\classroomManager\project\project\main\views.py", line 201, in post
    data = json.loads(request.data)
  File "C:\Users\16zhchen\AppData\Local\Programs\Python\Python36\lib\json\__init__.py", line 354, in loads
    return _default_decoder.decode(s)
  File "C:\Users\16zhchen\AppData\Local\Programs\Python\Python36\lib\json\decoder.py", line 339, in decode
    obj, end = self.raw_decode(s, idx=_w(s, 0).end())
  File "C:\Users\16zhchen\AppData\Local\Programs\Python\Python36\lib\json\decoder.py", line 355, in raw_decode
    obj, end = self.scan_once(s, idx)
json.decoder.JSONDecodeError: Expecting ',' delimiter: line 2 column 14 (char 15)
2018-12-26 16:07:44,332 ERROR:Exception on /main/tb_teacher [GET] [in C:\Users\16zhchen\AppData\Local\Programs\Python\Python36\lib\site-packages\flask\app.py:1761]
Traceback (most recent call last):
  File "C:\Users\16zhchen\AppData\Local\Programs\Python\Python36\lib\site-packages\sqlalchemy\orm\base.py", line 379, in _entity_descriptor
    return getattr(entity, key)
AttributeError: type object 'tb_teacher' has no attribute 'email '

During handling of the above exception, another exception occurred:

Traceback (most recent call last):
  File "C:\Users\16zhchen\AppData\Local\Programs\Python\Python36\lib\site-packages\flask\app.py", line 2292, in wsgi_app
    response = self.full_dispatch_request()
  File "C:\Users\16zhchen\AppData\Local\Programs\Python\Python36\lib\site-packages\flask\app.py", line 1815, in full_dispatch_request
    rv = self.handle_user_exception(e)
  File "C:\Users\16zhchen\AppData\Local\Programs\Python\Python36\lib\site-packages\flask\app.py", line 1718, in handle_user_exception
    reraise(exc_type, exc_value, tb)
  File "C:\Users\16zhchen\AppData\Local\Programs\Python\Python36\lib\site-packages\flask\_compat.py", line 35, in reraise
    raise value
  File "C:\Users\16zhchen\AppData\Local\Programs\Python\Python36\lib\site-packages\flask\app.py", line 1813, in full_dispatch_request
    rv = self.dispatch_request()
  File "C:\Users\16zhchen\AppData\Local\Programs\Python\Python36\lib\site-packages\flask\app.py", line 1799, in dispatch_request
    return self.view_functions[rule.endpoint](**req.view_args)
  File "D:\SoftEngine\classroomManager\project\project\utildef.py", line 21, in decorator
    rv = f(*args, **kwargs)
  File "C:\Users\16zhchen\AppData\Local\Programs\Python\Python36\lib\site-packages\flask\views.py", line 88, in view
    return self.dispatch_request(*args, **kwargs)
  File "C:\Users\16zhchen\AppData\Local\Programs\Python\Python36\lib\site-packages\flask\views.py", line 158, in dispatch_request
    return meth(*args, **kwargs)
  File "D:\SoftEngine\classroomManager\project\project\main\views.py", line 325, in get
    courses = tb_teacher.query.filter_by(**data).all()
  File "C:\Users\16zhchen\AppData\Local\Programs\Python\Python36\lib\site-packages\sqlalchemy\orm\query.py", line 1689, in filter_by
    for key, value in kwargs.items()]
  File "C:\Users\16zhchen\AppData\Local\Programs\Python\Python36\lib\site-packages\sqlalchemy\orm\query.py", line 1689, in <listcomp>
    for key, value in kwargs.items()]
  File "C:\Users\16zhchen\AppData\Local\Programs\Python\Python36\lib\site-packages\sqlalchemy\orm\base.py", line 383, in _entity_descriptor
    (description, key)
sqlalchemy.exc.InvalidRequestError: Entity '<class 'project.models.tb_teacher'>' has no property 'email '
2018-12-26 16:08:07,690 ERROR:Exception on /main/tb_teacher [GET] [in C:\Users\16zhchen\AppData\Local\Programs\Python\Python36\lib\site-packages\flask\app.py:1761]
Traceback (most recent call last):
  File "C:\Users\16zhchen\AppData\Local\Programs\Python\Python36\lib\site-packages\sqlalchemy\orm\base.py", line 379, in _entity_descriptor
    return getattr(entity, key)
AttributeError: type object 'tb_teacher' has no attribute 'email '

During handling of the above exception, another exception occurred:

Traceback (most recent call last):
  File "C:\Users\16zhchen\AppData\Local\Programs\Python\Python36\lib\site-packages\flask\app.py", line 2292, in wsgi_app
    response = self.full_dispatch_request()
  File "C:\Users\16zhchen\AppData\Local\Programs\Python\Python36\lib\site-packages\flask\app.py", line 1815, in full_dispatch_request
    rv = self.handle_user_exception(e)
  File "C:\Users\16zhchen\AppData\Local\Programs\Python\Python36\lib\site-packages\flask\app.py", line 1718, in handle_user_exception
    reraise(exc_type, exc_value, tb)
  File "C:\Users\16zhchen\AppData\Local\Programs\Python\Python36\lib\site-packages\flask\_compat.py", line 35, in reraise
    raise value
  File "C:\Users\16zhchen\AppData\Local\Programs\Python\Python36\lib\site-packages\flask\app.py", line 1813, in full_dispatch_request
    rv = self.dispatch_request()
  File "C:\Users\16zhchen\AppData\Local\Programs\Python\Python36\lib\site-packages\flask\app.py", line 1799, in dispatch_request
    return self.view_functions[rule.endpoint](**req.view_args)
  File "D:\SoftEngine\classroomManager\project\project\utildef.py", line 21, in decorator
    rv = f(*args, **kwargs)
  File "C:\Users\16zhchen\AppData\Local\Programs\Python\Python36\lib\site-packages\flask\views.py", line 88, in view
    return self.dispatch_request(*args, **kwargs)
  File "C:\Users\16zhchen\AppData\Local\Programs\Python\Python36\lib\site-packages\flask\views.py", line 158, in dispatch_request
    return meth(*args, **kwargs)
  File "D:\SoftEngine\classroomManager\project\project\main\views.py", line 325, in get
    courses = tb_teacher.query.filter_by(**data).all()
  File "C:\Users\16zhchen\AppData\Local\Programs\Python\Python36\lib\site-packages\sqlalchemy\orm\query.py", line 1689, in filter_by
    for key, value in kwargs.items()]
  File "C:\Users\16zhchen\AppData\Local\Programs\Python\Python36\lib\site-packages\sqlalchemy\orm\query.py", line 1689, in <listcomp>
    for key, value in kwargs.items()]
  File "C:\Users\16zhchen\AppData\Local\Programs\Python\Python36\lib\site-packages\sqlalchemy\orm\base.py", line 383, in _entity_descriptor
    (description, key)
sqlalchemy.exc.InvalidRequestError: Entity '<class 'project.models.tb_teacher'>' has no property 'email '
2018-12-26 23:28:57,357 ERROR:Exception on /main/tb_class [POST] [in C:\Users\16zhchen\AppData\Local\Programs\Python\Python36\lib\site-packages\flask\app.py:1761]
Traceback (most recent call last):
  File "C:\Users\16zhchen\AppData\Local\Programs\Python\Python36\lib\site-packages\sqlalchemy\orm\base.py", line 379, in _entity_descriptor
    return getattr(entity, key)
AttributeError: type object 'tb_class' has no attribute 'status'

During handling of the above exception, another exception occurred:

Traceback (most recent call last):
  File "C:\Users\16zhchen\AppData\Local\Programs\Python\Python36\lib\site-packages\flask\app.py", line 2292, in wsgi_app
    response = self.full_dispatch_request()
  File "C:\Users\16zhchen\AppData\Local\Programs\Python\Python36\lib\site-packages\flask\app.py", line 1815, in full_dispatch_request
    rv = self.handle_user_exception(e)
  File "C:\Users\16zhchen\AppData\Local\Programs\Python\Python36\lib\site-packages\flask\app.py", line 1718, in handle_user_exception
    reraise(exc_type, exc_value, tb)
  File "C:\Users\16zhchen\AppData\Local\Programs\Python\Python36\lib\site-packages\flask\_compat.py", line 35, in reraise
    raise value
  File "C:\Users\16zhchen\AppData\Local\Programs\Python\Python36\lib\site-packages\flask\app.py", line 1813, in full_dispatch_request
    rv = self.dispatch_request()
  File "C:\Users\16zhchen\AppData\Local\Programs\Python\Python36\lib\site-packages\flask\app.py", line 1799, in dispatch_request
    return self.view_functions[rule.endpoint](**req.view_args)
  File "D:\SoftEngine\classroomManager\project\project\utildef.py", line 21, in decorator
    rv = f(*args, **kwargs)
  File "C:\Users\16zhchen\AppData\Local\Programs\Python\Python36\lib\site-packages\flask\views.py", line 88, in view
    return self.dispatch_request(*args, **kwargs)
  File "C:\Users\16zhchen\AppData\Local\Programs\Python\Python36\lib\site-packages\flask\views.py", line 158, in dispatch_request
    return meth(*args, **kwargs)
  File "D:\SoftEngine\classroomManager\project\project\main\views.py", line 307, in post
    .update(update_data))
  File "C:\Users\16zhchen\AppData\Local\Programs\Python\Python36\lib\site-packages\sqlalchemy\orm\query.py", line 3486, in update
    update_op.exec_()
  File "C:\Users\16zhchen\AppData\Local\Programs\Python\Python36\lib\site-packages\sqlalchemy\orm\persistence.py", line 1334, in exec_
    self._do_pre_synchronize()
  File "C:\Users\16zhchen\AppData\Local\Programs\Python\Python36\lib\site-packages\sqlalchemy\orm\persistence.py", line 1405, in _do_pre_synchronize
    self._additional_evaluators(evaluator_compiler)
  File "C:\Users\16zhchen\AppData\Local\Programs\Python\Python36\lib\site-packages\sqlalchemy\orm\persistence.py", line 1540, in _additional_evaluators
    values = self._resolved_values_keys_as_propnames
  File "C:\Users\16zhchen\AppData\Local\Programs\Python\Python36\lib\site-packages\sqlalchemy\orm\persistence.py", line 1473, in _resolved_values_keys_as_propnames
    for k, v in self._resolved_values:
  File "C:\Users\16zhchen\AppData\Local\Programs\Python\Python36\lib\site-packages\sqlalchemy\orm\persistence.py", line 1460, in _resolved_values
    desc = _entity_descriptor(self.mapper, k)
  File "C:\Users\16zhchen\AppData\Local\Programs\Python\Python36\lib\site-packages\sqlalchemy\orm\base.py", line 383, in _entity_descriptor
    (description, key)
sqlalchemy.exc.InvalidRequestError: Entity '<class 'project.models.tb_class'>' has no property 'status'
2018-12-26 23:55:55,117 ERROR:Exception on /main/tb_student [GET] [in C:\Users\16zhchen\AppData\Local\Programs\Python\Python36\lib\site-packages\flask\app.py:1761]
Traceback (most recent call last):
  File "C:\Users\16zhchen\AppData\Local\Programs\Python\Python36\lib\site-packages\sqlalchemy\orm\base.py", line 379, in _entity_descriptor
    return getattr(entity, key)
AttributeError: type object 'tb_student' has no attribute 'mode'

During handling of the above exception, another exception occurred:

Traceback (most recent call last):
  File "C:\Users\16zhchen\AppData\Local\Programs\Python\Python36\lib\site-packages\flask\app.py", line 2292, in wsgi_app
    response = self.full_dispatch_request()
  File "C:\Users\16zhchen\AppData\Local\Programs\Python\Python36\lib\site-packages\flask\app.py", line 1815, in full_dispatch_request
    rv = self.handle_user_exception(e)
  File "C:\Users\16zhchen\AppData\Local\Programs\Python\Python36\lib\site-packages\flask\app.py", line 1718, in handle_user_exception
    reraise(exc_type, exc_value, tb)
  File "C:\Users\16zhchen\AppData\Local\Programs\Python\Python36\lib\site-packages\flask\_compat.py", line 35, in reraise
    raise value
  File "C:\Users\16zhchen\AppData\Local\Programs\Python\Python36\lib\site-packages\flask\app.py", line 1813, in full_dispatch_request
    rv = self.dispatch_request()
  File "C:\Users\16zhchen\AppData\Local\Programs\Python\Python36\lib\site-packages\flask\app.py", line 1799, in dispatch_request
    return self.view_functions[rule.endpoint](**req.view_args)
  File "D:\SoftEngine\classroomManager\project\project\utildef.py", line 21, in decorator
    rv = f(*args, **kwargs)
  File "C:\Users\16zhchen\AppData\Local\Programs\Python\Python36\lib\site-packages\flask\views.py", line 88, in view
    return self.dispatch_request(*args, **kwargs)
  File "C:\Users\16zhchen\AppData\Local\Programs\Python\Python36\lib\site-packages\flask\views.py", line 158, in dispatch_request
    return meth(*args, **kwargs)
  File "D:\SoftEngine\classroomManager\project\project\main\views.py", line 225, in get
    courses = tb_student.query.filter_by(**data).all()
  File "C:\Users\16zhchen\AppData\Local\Programs\Python\Python36\lib\site-packages\sqlalchemy\orm\query.py", line 1689, in filter_by
    for key, value in kwargs.items()]
  File "C:\Users\16zhchen\AppData\Local\Programs\Python\Python36\lib\site-packages\sqlalchemy\orm\query.py", line 1689, in <listcomp>
    for key, value in kwargs.items()]
  File "C:\Users\16zhchen\AppData\Local\Programs\Python\Python36\lib\site-packages\sqlalchemy\orm\base.py", line 383, in _entity_descriptor
    (description, key)
sqlalchemy.exc.InvalidRequestError: Entity '<class 'project.models.tb_student'>' has no property 'mode'
2018-12-26 23:56:22,983 ERROR:Exception on /main/tb_student [GET] [in C:\Users\16zhchen\AppData\Local\Programs\Python\Python36\lib\site-packages\flask\app.py:1761]
Traceback (most recent call last):
  File "C:\Users\16zhchen\AppData\Local\Programs\Python\Python36\lib\site-packages\sqlalchemy\orm\base.py", line 379, in _entity_descriptor
    return getattr(entity, key)
AttributeError: type object 'tb_student' has no attribute 'mode'

During handling of the above exception, another exception occurred:

Traceback (most recent call last):
  File "C:\Users\16zhchen\AppData\Local\Programs\Python\Python36\lib\site-packages\flask\app.py", line 2292, in wsgi_app
    response = self.full_dispatch_request()
  File "C:\Users\16zhchen\AppData\Local\Programs\Python\Python36\lib\site-packages\flask\app.py", line 1815, in full_dispatch_request
    rv = self.handle_user_exception(e)
  File "C:\Users\16zhchen\AppData\Local\Programs\Python\Python36\lib\site-packages\flask\app.py", line 1718, in handle_user_exception
    reraise(exc_type, exc_value, tb)
  File "C:\Users\16zhchen\AppData\Local\Programs\Python\Python36\lib\site-packages\flask\_compat.py", line 35, in reraise
    raise value
  File "C:\Users\16zhchen\AppData\Local\Programs\Python\Python36\lib\site-packages\flask\app.py", line 1813, in full_dispatch_request
    rv = self.dispatch_request()
  File "C:\Users\16zhchen\AppData\Local\Programs\Python\Python36\lib\site-packages\flask\app.py", line 1799, in dispatch_request
    return self.view_functions[rule.endpoint](**req.view_args)
  File "D:\SoftEngine\classroomManager\project\project\utildef.py", line 21, in decorator
    rv = f(*args, **kwargs)
  File "C:\Users\16zhchen\AppData\Local\Programs\Python\Python36\lib\site-packages\flask\views.py", line 88, in view
    return self.dispatch_request(*args, **kwargs)
  File "C:\Users\16zhchen\AppData\Local\Programs\Python\Python36\lib\site-packages\flask\views.py", line 158, in dispatch_request
    return meth(*args, **kwargs)
  File "D:\SoftEngine\classroomManager\project\project\main\views.py", line 225, in get
    courses = tb_student.query.filter_by(**data).all()
  File "C:\Users\16zhchen\AppData\Local\Programs\Python\Python36\lib\site-packages\sqlalchemy\orm\query.py", line 1689, in filter_by
    for key, value in kwargs.items()]
  File "C:\Users\16zhchen\AppData\Local\Programs\Python\Python36\lib\site-packages\sqlalchemy\orm\query.py", line 1689, in <listcomp>
    for key, value in kwargs.items()]
  File "C:\Users\16zhchen\AppData\Local\Programs\Python\Python36\lib\site-packages\sqlalchemy\orm\base.py", line 383, in _entity_descriptor
    (description, key)
sqlalchemy.exc.InvalidRequestError: Entity '<class 'project.models.tb_student'>' has no property 'mode'
2018-12-27 00:02:13,031 ERROR:Exception on /main/tb_student [GET] [in C:\Users\16zhchen\AppData\Local\Programs\Python\Python36\lib\site-packages\flask\app.py:1761]
Traceback (most recent call last):
  File "C:\Users\16zhchen\AppData\Local\Programs\Python\Python36\lib\site-packages\sqlalchemy\orm\base.py", line 379, in _entity_descriptor
    return getattr(entity, key)
AttributeError: type object 'tb_student' has no attribute 'mode'

During handling of the above exception, another exception occurred:

Traceback (most recent call last):
  File "C:\Users\16zhchen\AppData\Local\Programs\Python\Python36\lib\site-packages\flask\app.py", line 2292, in wsgi_app
    response = self.full_dispatch_request()
  File "C:\Users\16zhchen\AppData\Local\Programs\Python\Python36\lib\site-packages\flask\app.py", line 1815, in full_dispatch_request
    rv = self.handle_user_exception(e)
  File "C:\Users\16zhchen\AppData\Local\Programs\Python\Python36\lib\site-packages\flask\app.py", line 1718, in handle_user_exception
    reraise(exc_type, exc_value, tb)
  File "C:\Users\16zhchen\AppData\Local\Programs\Python\Python36\lib\site-packages\flask\_compat.py", line 35, in reraise
    raise value
  File "C:\Users\16zhchen\AppData\Local\Programs\Python\Python36\lib\site-packages\flask\app.py", line 1813, in full_dispatch_request
    rv = self.dispatch_request()
  File "C:\Users\16zhchen\AppData\Local\Programs\Python\Python36\lib\site-packages\flask\app.py", line 1799, in dispatch_request
    return self.view_functions[rule.endpoint](**req.view_args)
  File "D:\SoftEngine\classroomManager\project\project\utildef.py", line 21, in decorator
    rv = f(*args, **kwargs)
  File "C:\Users\16zhchen\AppData\Local\Programs\Python\Python36\lib\site-packages\flask\views.py", line 88, in view
    return self.dispatch_request(*args, **kwargs)
  File "C:\Users\16zhchen\AppData\Local\Programs\Python\Python36\lib\site-packages\flask\views.py", line 158, in dispatch_request
    return meth(*args, **kwargs)
  File "D:\SoftEngine\classroomManager\project\project\main\views.py", line 225, in get
    courses = tb_student.query.filter_by(**data).all()
  File "C:\Users\16zhchen\AppData\Local\Programs\Python\Python36\lib\site-packages\sqlalchemy\orm\query.py", line 1689, in filter_by
    for key, value in kwargs.items()]
  File "C:\Users\16zhchen\AppData\Local\Programs\Python\Python36\lib\site-packages\sqlalchemy\orm\query.py", line 1689, in <listcomp>
    for key, value in kwargs.items()]
  File "C:\Users\16zhchen\AppData\Local\Programs\Python\Python36\lib\site-packages\sqlalchemy\orm\base.py", line 383, in _entity_descriptor
    (description, key)
sqlalchemy.exc.InvalidRequestError: Entity '<class 'project.models.tb_student'>' has no property 'mode'
2018-12-27 00:02:41,687 ERROR:Exception on /main/tb_classroom_table [GET] [in C:\Users\16zhchen\AppData\Local\Programs\Python\Python36\lib\site-packages\flask\app.py:1761]
Traceback (most recent call last):
  File "C:\Users\16zhchen\AppData\Local\Programs\Python\Python36\lib\site-packages\flask\app.py", line 2292, in wsgi_app
    response = self.full_dispatch_request()
  File "C:\Users\16zhchen\AppData\Local\Programs\Python\Python36\lib\site-packages\flask\app.py", line 1815, in full_dispatch_request
    rv = self.handle_user_exception(e)
  File "C:\Users\16zhchen\AppData\Local\Programs\Python\Python36\lib\site-packages\flask\app.py", line 1718, in handle_user_exception
    reraise(exc_type, exc_value, tb)
  File "C:\Users\16zhchen\AppData\Local\Programs\Python\Python36\lib\site-packages\flask\_compat.py", line 35, in reraise
    raise value
  File "C:\Users\16zhchen\AppData\Local\Programs\Python\Python36\lib\site-packages\flask\app.py", line 1813, in full_dispatch_request
    rv = self.dispatch_request()
  File "C:\Users\16zhchen\AppData\Local\Programs\Python\Python36\lib\site-packages\flask\app.py", line 1799, in dispatch_request
    return self.view_functions[rule.endpoint](**req.view_args)
  File "D:\SoftEngine\classroomManager\project\project\utildef.py", line 21, in decorator
    rv = f(*args, **kwargs)
  File "C:\Users\16zhchen\AppData\Local\Programs\Python\Python36\lib\site-packages\flask\views.py", line 88, in view
    return self.dispatch_request(*args, **kwargs)
  File "C:\Users\16zhchen\AppData\Local\Programs\Python\Python36\lib\site-packages\flask\views.py", line 158, in dispatch_request
    return meth(*args, **kwargs)
  File "D:\SoftEngine\classroomManager\project\project\main\views.py", line 425, in get
    data = json.loads(request.data)
  File "C:\Users\16zhchen\AppData\Local\Programs\Python\Python36\lib\json\__init__.py", line 354, in loads
    return _default_decoder.decode(s)
  File "C:\Users\16zhchen\AppData\Local\Programs\Python\Python36\lib\json\decoder.py", line 339, in decode
    obj, end = self.raw_decode(s, idx=_w(s, 0).end())
  File "C:\Users\16zhchen\AppData\Local\Programs\Python\Python36\lib\json\decoder.py", line 357, in raw_decode
    raise JSONDecodeError("Expecting value", s, err.value) from None
json.decoder.JSONDecodeError: Expecting value: line 1 column 1 (char 0)
2018-12-27 00:04:11,671 ERROR:Exception on /main/tb_classroom_table [GET] [in C:\Users\16zhchen\AppData\Local\Programs\Python\Python36\lib\site-packages\flask\app.py:1761]
Traceback (most recent call last):
  File "C:\Users\16zhchen\AppData\Local\Programs\Python\Python36\lib\site-packages\flask\app.py", line 2292, in wsgi_app
    response = self.full_dispatch_request()
  File "C:\Users\16zhchen\AppData\Local\Programs\Python\Python36\lib\site-packages\flask\app.py", line 1815, in full_dispatch_request
    rv = self.handle_user_exception(e)
  File "C:\Users\16zhchen\AppData\Local\Programs\Python\Python36\lib\site-packages\flask\app.py", line 1718, in handle_user_exception
    reraise(exc_type, exc_value, tb)
  File "C:\Users\16zhchen\AppData\Local\Programs\Python\Python36\lib\site-packages\flask\_compat.py", line 35, in reraise
    raise value
  File "C:\Users\16zhchen\AppData\Local\Programs\Python\Python36\lib\site-packages\flask\app.py", line 1813, in full_dispatch_request
    rv = self.dispatch_request()
  File "C:\Users\16zhchen\AppData\Local\Programs\Python\Python36\lib\site-packages\flask\app.py", line 1799, in dispatch_request
    return self.view_functions[rule.endpoint](**req.view_args)
  File "D:\SoftEngine\classroomManager\project\project\utildef.py", line 21, in decorator
    rv = f(*args, **kwargs)
  File "C:\Users\16zhchen\AppData\Local\Programs\Python\Python36\lib\site-packages\flask\views.py", line 88, in view
    return self.dispatch_request(*args, **kwargs)
  File "C:\Users\16zhchen\AppData\Local\Programs\Python\Python36\lib\site-packages\flask\views.py", line 158, in dispatch_request
    return meth(*args, **kwargs)
  File "D:\SoftEngine\classroomManager\project\project\main\views.py", line 425, in get
    data = json.loads(request.data)
  File "C:\Users\16zhchen\AppData\Local\Programs\Python\Python36\lib\json\__init__.py", line 354, in loads
    return _default_decoder.decode(s)
  File "C:\Users\16zhchen\AppData\Local\Programs\Python\Python36\lib\json\decoder.py", line 339, in decode
    obj, end = self.raw_decode(s, idx=_w(s, 0).end())
  File "C:\Users\16zhchen\AppData\Local\Programs\Python\Python36\lib\json\decoder.py", line 357, in raw_decode
    raise JSONDecodeError("Expecting value", s, err.value) from None
json.decoder.JSONDecodeError: Expecting value: line 1 column 1 (char 0)
2018-12-27 00:05:33,309 ERROR:Exception on /main/tb_classroom_table [GET] [in C:\Users\16zhchen\AppData\Local\Programs\Python\Python36\lib\site-packages\flask\app.py:1761]
Traceback (most recent call last):
  File "C:\Users\16zhchen\AppData\Local\Programs\Python\Python36\lib\site-packages\flask\app.py", line 2292, in wsgi_app
    response = self.full_dispatch_request()
  File "C:\Users\16zhchen\AppData\Local\Programs\Python\Python36\lib\site-packages\flask\app.py", line 1815, in full_dispatch_request
    rv = self.handle_user_exception(e)
  File "C:\Users\16zhchen\AppData\Local\Programs\Python\Python36\lib\site-packages\flask\app.py", line 1718, in handle_user_exception
    reraise(exc_type, exc_value, tb)
  File "C:\Users\16zhchen\AppData\Local\Programs\Python\Python36\lib\site-packages\flask\_compat.py", line 35, in reraise
    raise value
  File "C:\Users\16zhchen\AppData\Local\Programs\Python\Python36\lib\site-packages\flask\app.py", line 1813, in full_dispatch_request
    rv = self.dispatch_request()
  File "C:\Users\16zhchen\AppData\Local\Programs\Python\Python36\lib\site-packages\flask\app.py", line 1799, in dispatch_request
    return self.view_functions[rule.endpoint](**req.view_args)
  File "D:\SoftEngine\classroomManager\project\project\utildef.py", line 21, in decorator
    rv = f(*args, **kwargs)
  File "C:\Users\16zhchen\AppData\Local\Programs\Python\Python36\lib\site-packages\flask\views.py", line 88, in view
    return self.dispatch_request(*args, **kwargs)
  File "C:\Users\16zhchen\AppData\Local\Programs\Python\Python36\lib\site-packages\flask\views.py", line 158, in dispatch_request
    return meth(*args, **kwargs)
  File "D:\SoftEngine\classroomManager\project\project\main\views.py", line 425, in get
    data = json.loads(request.data)
  File "C:\Users\16zhchen\AppData\Local\Programs\Python\Python36\lib\json\__init__.py", line 354, in loads
    return _default_decoder.decode(s)
  File "C:\Users\16zhchen\AppData\Local\Programs\Python\Python36\lib\json\decoder.py", line 339, in decode
    obj, end = self.raw_decode(s, idx=_w(s, 0).end())
  File "C:\Users\16zhchen\AppData\Local\Programs\Python\Python36\lib\json\decoder.py", line 357, in raw_decode
    raise JSONDecodeError("Expecting value", s, err.value) from None
json.decoder.JSONDecodeError: Expecting value: line 1 column 1 (char 0)
2018-12-27 00:08:32,012 ERROR:Exception on /main/tb_classroom_table [GET] [in C:\Users\16zhchen\AppData\Local\Programs\Python\Python36\lib\site-packages\flask\app.py:1761]
Traceback (most recent call last):
  File "C:\Users\16zhchen\AppData\Local\Programs\Python\Python36\lib\site-packages\flask\app.py", line 2292, in wsgi_app
    response = self.full_dispatch_request()
  File "C:\Users\16zhchen\AppData\Local\Programs\Python\Python36\lib\site-packages\flask\app.py", line 1815, in full_dispatch_request
    rv = self.handle_user_exception(e)
  File "C:\Users\16zhchen\AppData\Local\Programs\Python\Python36\lib\site-packages\flask\app.py", line 1718, in handle_user_exception
    reraise(exc_type, exc_value, tb)
  File "C:\Users\16zhchen\AppData\Local\Programs\Python\Python36\lib\site-packages\flask\_compat.py", line 35, in reraise
    raise value
  File "C:\Users\16zhchen\AppData\Local\Programs\Python\Python36\lib\site-packages\flask\app.py", line 1813, in full_dispatch_request
    rv = self.dispatch_request()
  File "C:\Users\16zhchen\AppData\Local\Programs\Python\Python36\lib\site-packages\flask\app.py", line 1799, in dispatch_request
    return self.view_functions[rule.endpoint](**req.view_args)
  File "D:\SoftEngine\classroomManager\project\project\utildef.py", line 21, in decorator
    rv = f(*args, **kwargs)
  File "C:\Users\16zhchen\AppData\Local\Programs\Python\Python36\lib\site-packages\flask\views.py", line 88, in view
    return self.dispatch_request(*args, **kwargs)
  File "C:\Users\16zhchen\AppData\Local\Programs\Python\Python36\lib\site-packages\flask\views.py", line 158, in dispatch_request
    return meth(*args, **kwargs)
  File "D:\SoftEngine\classroomManager\project\project\main\views.py", line 425, in get
    data = json.loads(request.data)
  File "C:\Users\16zhchen\AppData\Local\Programs\Python\Python36\lib\json\__init__.py", line 354, in loads
    return _default_decoder.decode(s)
  File "C:\Users\16zhchen\AppData\Local\Programs\Python\Python36\lib\json\decoder.py", line 339, in decode
    obj, end = self.raw_decode(s, idx=_w(s, 0).end())
  File "C:\Users\16zhchen\AppData\Local\Programs\Python\Python36\lib\json\decoder.py", line 357, in raw_decode
    raise JSONDecodeError("Expecting value", s, err.value) from None
json.decoder.JSONDecodeError: Expecting value: line 1 column 1 (char 0)
2018-12-27 00:10:59,444 ERROR:Exception on /main/tb_classroom_table [GET] [in C:\Users\16zhchen\AppData\Local\Programs\Python\Python36\lib\site-packages\flask\app.py:1761]
Traceback (most recent call last):
  File "C:\Users\16zhchen\AppData\Local\Programs\Python\Python36\lib\site-packages\flask\app.py", line 2292, in wsgi_app
    response = self.full_dispatch_request()
  File "C:\Users\16zhchen\AppData\Local\Programs\Python\Python36\lib\site-packages\flask\app.py", line 1815, in full_dispatch_request
    rv = self.handle_user_exception(e)
  File "C:\Users\16zhchen\AppData\Local\Programs\Python\Python36\lib\site-packages\flask\app.py", line 1718, in handle_user_exception
    reraise(exc_type, exc_value, tb)
  File "C:\Users\16zhchen\AppData\Local\Programs\Python\Python36\lib\site-packages\flask\_compat.py", line 35, in reraise
    raise value
  File "C:\Users\16zhchen\AppData\Local\Programs\Python\Python36\lib\site-packages\flask\app.py", line 1813, in full_dispatch_request
    rv = self.dispatch_request()
  File "C:\Users\16zhchen\AppData\Local\Programs\Python\Python36\lib\site-packages\flask\app.py", line 1799, in dispatch_request
    return self.view_functions[rule.endpoint](**req.view_args)
  File "D:\SoftEngine\classroomManager\project\project\utildef.py", line 21, in decorator
    rv = f(*args, **kwargs)
  File "C:\Users\16zhchen\AppData\Local\Programs\Python\Python36\lib\site-packages\flask\views.py", line 88, in view
    return self.dispatch_request(*args, **kwargs)
  File "C:\Users\16zhchen\AppData\Local\Programs\Python\Python36\lib\site-packages\flask\views.py", line 158, in dispatch_request
    return meth(*args, **kwargs)
  File "D:\SoftEngine\classroomManager\project\project\main\views.py", line 425, in get
    data = json.loads(request.data)
  File "C:\Users\16zhchen\AppData\Local\Programs\Python\Python36\lib\json\__init__.py", line 354, in loads
    return _default_decoder.decode(s)
  File "C:\Users\16zhchen\AppData\Local\Programs\Python\Python36\lib\json\decoder.py", line 339, in decode
    obj, end = self.raw_decode(s, idx=_w(s, 0).end())
  File "C:\Users\16zhchen\AppData\Local\Programs\Python\Python36\lib\json\decoder.py", line 357, in raw_decode
    raise JSONDecodeError("Expecting value", s, err.value) from None
json.decoder.JSONDecodeError: Expecting value: line 4 column 9 (char 24)
2018-12-27 00:13:28,118 ERROR:Exception on /main/tb_classroom_table [GET] [in C:\Users\16zhchen\AppData\Local\Programs\Python\Python36\lib\site-packages\flask\app.py:1761]
Traceback (most recent call last):
  File "C:\Users\16zhchen\AppData\Local\Programs\Python\Python36\lib\site-packages\flask\app.py", line 2292, in wsgi_app
    response = self.full_dispatch_request()
  File "C:\Users\16zhchen\AppData\Local\Programs\Python\Python36\lib\site-packages\flask\app.py", line 1815, in full_dispatch_request
    rv = self.handle_user_exception(e)
  File "C:\Users\16zhchen\AppData\Local\Programs\Python\Python36\lib\site-packages\flask\app.py", line 1718, in handle_user_exception
    reraise(exc_type, exc_value, tb)
  File "C:\Users\16zhchen\AppData\Local\Programs\Python\Python36\lib\site-packages\flask\_compat.py", line 35, in reraise
    raise value
  File "C:\Users\16zhchen\AppData\Local\Programs\Python\Python36\lib\site-packages\flask\app.py", line 1813, in full_dispatch_request
    rv = self.dispatch_request()
  File "C:\Users\16zhchen\AppData\Local\Programs\Python\Python36\lib\site-packages\flask\app.py", line 1799, in dispatch_request
    return self.view_functions[rule.endpoint](**req.view_args)
  File "D:\SoftEngine\classroomManager\project\project\utildef.py", line 21, in decorator
    rv = f(*args, **kwargs)
  File "C:\Users\16zhchen\AppData\Local\Programs\Python\Python36\lib\site-packages\flask\views.py", line 88, in view
    return self.dispatch_request(*args, **kwargs)
  File "C:\Users\16zhchen\AppData\Local\Programs\Python\Python36\lib\site-packages\flask\views.py", line 158, in dispatch_request
    return meth(*args, **kwargs)
  File "D:\SoftEngine\classroomManager\project\project\main\views.py", line 425, in get
    data = json.loads(request.data)
  File "C:\Users\16zhchen\AppData\Local\Programs\Python\Python36\lib\json\__init__.py", line 354, in loads
    return _default_decoder.decode(s)
  File "C:\Users\16zhchen\AppData\Local\Programs\Python\Python36\lib\json\decoder.py", line 339, in decode
    obj, end = self.raw_decode(s, idx=_w(s, 0).end())
  File "C:\Users\16zhchen\AppData\Local\Programs\Python\Python36\lib\json\decoder.py", line 357, in raw_decode
    raise JSONDecodeError("Expecting value", s, err.value) from None
json.decoder.JSONDecodeError: Expecting value: line 1 column 1 (char 0)
2018-12-27 00:15:10,962 ERROR:Exception on /main/tb_classroom_table [GET] [in C:\Users\16zhchen\AppData\Local\Programs\Python\Python36\lib\site-packages\flask\app.py:1761]
Traceback (most recent call last):
  File "C:\Users\16zhchen\AppData\Local\Programs\Python\Python36\lib\site-packages\flask\app.py", line 2292, in wsgi_app
    response = self.full_dispatch_request()
  File "C:\Users\16zhchen\AppData\Local\Programs\Python\Python36\lib\site-packages\flask\app.py", line 1815, in full_dispatch_request
    rv = self.handle_user_exception(e)
  File "C:\Users\16zhchen\AppData\Local\Programs\Python\Python36\lib\site-packages\flask\app.py", line 1718, in handle_user_exception
    reraise(exc_type, exc_value, tb)
  File "C:\Users\16zhchen\AppData\Local\Programs\Python\Python36\lib\site-packages\flask\_compat.py", line 35, in reraise
    raise value
  File "C:\Users\16zhchen\AppData\Local\Programs\Python\Python36\lib\site-packages\flask\app.py", line 1813, in full_dispatch_request
    rv = self.dispatch_request()
  File "C:\Users\16zhchen\AppData\Local\Programs\Python\Python36\lib\site-packages\flask\app.py", line 1799, in dispatch_request
    return self.view_functions[rule.endpoint](**req.view_args)
  File "D:\SoftEngine\classroomManager\project\project\utildef.py", line 21, in decorator
    rv = f(*args, **kwargs)
  File "C:\Users\16zhchen\AppData\Local\Programs\Python\Python36\lib\site-packages\flask\views.py", line 88, in view
    return self.dispatch_request(*args, **kwargs)
  File "C:\Users\16zhchen\AppData\Local\Programs\Python\Python36\lib\site-packages\flask\views.py", line 158, in dispatch_request
    return meth(*args, **kwargs)
  File "D:\SoftEngine\classroomManager\project\project\main\views.py", line 425, in get
    data = json.loads(request.data)
  File "C:\Users\16zhchen\AppData\Local\Programs\Python\Python36\lib\json\__init__.py", line 354, in loads
    return _default_decoder.decode(s)
  File "C:\Users\16zhchen\AppData\Local\Programs\Python\Python36\lib\json\decoder.py", line 339, in decode
    obj, end = self.raw_decode(s, idx=_w(s, 0).end())
  File "C:\Users\16zhchen\AppData\Local\Programs\Python\Python36\lib\json\decoder.py", line 355, in raw_decode
    obj, end = self.scan_once(s, idx)
json.decoder.JSONDecodeError: Expecting property name enclosed in double quotes: line 2 column 3 (char 4)
2018-12-27 00:33:07,671 ERROR:Exception on /main/tb_student [GET] [in C:\Users\16zhchen\AppData\Local\Programs\Python\Python36\lib\site-packages\flask\app.py:1761]
Traceback (most recent call last):
  File "C:\Users\16zhchen\AppData\Local\Programs\Python\Python36\lib\site-packages\sqlalchemy\orm\base.py", line 379, in _entity_descriptor
    return getattr(entity, key)
AttributeError: type object 'tb_student' has no attribute 'mode'

During handling of the above exception, another exception occurred:

Traceback (most recent call last):
  File "C:\Users\16zhchen\AppData\Local\Programs\Python\Python36\lib\site-packages\flask\app.py", line 2292, in wsgi_app
    response = self.full_dispatch_request()
  File "C:\Users\16zhchen\AppData\Local\Programs\Python\Python36\lib\site-packages\flask\app.py", line 1815, in full_dispatch_request
    rv = self.handle_user_exception(e)
  File "C:\Users\16zhchen\AppData\Local\Programs\Python\Python36\lib\site-packages\flask\app.py", line 1718, in handle_user_exception
    reraise(exc_type, exc_value, tb)
  File "C:\Users\16zhchen\AppData\Local\Programs\Python\Python36\lib\site-packages\flask\_compat.py", line 35, in reraise
    raise value
  File "C:\Users\16zhchen\AppData\Local\Programs\Python\Python36\lib\site-packages\flask\app.py", line 1813, in full_dispatch_request
    rv = self.dispatch_request()
  File "C:\Users\16zhchen\AppData\Local\Programs\Python\Python36\lib\site-packages\flask\app.py", line 1799, in dispatch_request
    return self.view_functions[rule.endpoint](**req.view_args)
  File "D:\SoftEngine\classroomManager\project\project\utildef.py", line 21, in decorator
    rv = f(*args, **kwargs)
  File "C:\Users\16zhchen\AppData\Local\Programs\Python\Python36\lib\site-packages\flask\views.py", line 88, in view
    return self.dispatch_request(*args, **kwargs)
  File "C:\Users\16zhchen\AppData\Local\Programs\Python\Python36\lib\site-packages\flask\views.py", line 158, in dispatch_request
    return meth(*args, **kwargs)
  File "D:\SoftEngine\classroomManager\project\project\main\views.py", line 225, in get
    courses = tb_student.query.filter_by(**data).all()
  File "C:\Users\16zhchen\AppData\Local\Programs\Python\Python36\lib\site-packages\sqlalchemy\orm\query.py", line 1689, in filter_by
    for key, value in kwargs.items()]
  File "C:\Users\16zhchen\AppData\Local\Programs\Python\Python36\lib\site-packages\sqlalchemy\orm\query.py", line 1689, in <listcomp>
    for key, value in kwargs.items()]
  File "C:\Users\16zhchen\AppData\Local\Programs\Python\Python36\lib\site-packages\sqlalchemy\orm\base.py", line 383, in _entity_descriptor
    (description, key)
sqlalchemy.exc.InvalidRequestError: Entity '<class 'project.models.tb_student'>' has no property 'mode'
2018-12-27 00:34:05,528 ERROR:Exception on /main/tb_classroom_table [GET] [in C:\Users\16zhchen\AppData\Local\Programs\Python\Python36\lib\site-packages\flask\app.py:1761]
Traceback (most recent call last):
  File "C:\Users\16zhchen\AppData\Local\Programs\Python\Python36\lib\site-packages\flask\app.py", line 2292, in wsgi_app
    response = self.full_dispatch_request()
  File "C:\Users\16zhchen\AppData\Local\Programs\Python\Python36\lib\site-packages\flask\app.py", line 1815, in full_dispatch_request
    rv = self.handle_user_exception(e)
  File "C:\Users\16zhchen\AppData\Local\Programs\Python\Python36\lib\site-packages\flask\app.py", line 1718, in handle_user_exception
    reraise(exc_type, exc_value, tb)
  File "C:\Users\16zhchen\AppData\Local\Programs\Python\Python36\lib\site-packages\flask\_compat.py", line 35, in reraise
    raise value
  File "C:\Users\16zhchen\AppData\Local\Programs\Python\Python36\lib\site-packages\flask\app.py", line 1813, in full_dispatch_request
    rv = self.dispatch_request()
  File "C:\Users\16zhchen\AppData\Local\Programs\Python\Python36\lib\site-packages\flask\app.py", line 1799, in dispatch_request
    return self.view_functions[rule.endpoint](**req.view_args)
  File "D:\SoftEngine\classroomManager\project\project\utildef.py", line 21, in decorator
    rv = f(*args, **kwargs)
  File "C:\Users\16zhchen\AppData\Local\Programs\Python\Python36\lib\site-packages\flask\views.py", line 88, in view
    return self.dispatch_request(*args, **kwargs)
  File "C:\Users\16zhchen\AppData\Local\Programs\Python\Python36\lib\site-packages\flask\views.py", line 158, in dispatch_request
    return meth(*args, **kwargs)
  File "D:\SoftEngine\classroomManager\project\project\main\views.py", line 425, in get
    data = request.args.to_dict()
  File "C:\Users\16zhchen\AppData\Local\Programs\Python\Python36\lib\json\__init__.py", line 354, in loads
    return _default_decoder.decode(s)
  File "C:\Users\16zhchen\AppData\Local\Programs\Python\Python36\lib\json\decoder.py", line 339, in decode
    obj, end = self.raw_decode(s, idx=_w(s, 0).end())
  File "C:\Users\16zhchen\AppData\Local\Programs\Python\Python36\lib\json\decoder.py", line 357, in raw_decode
    raise JSONDecodeError("Expecting value", s, err.value) from None
json.decoder.JSONDecodeError: Expecting value: line 1 column 1 (char 0)
2018-12-27 00:35:20,686 ERROR:Exception on /main/tb_classroom_table [GET] [in C:\Users\16zhchen\AppData\Local\Programs\Python\Python36\lib\site-packages\flask\app.py:1761]
Traceback (most recent call last):
  File "C:\Users\16zhchen\AppData\Local\Programs\Python\Python36\lib\site-packages\flask\app.py", line 2292, in wsgi_app
    response = self.full_dispatch_request()
  File "C:\Users\16zhchen\AppData\Local\Programs\Python\Python36\lib\site-packages\flask\app.py", line 1815, in full_dispatch_request
    rv = self.handle_user_exception(e)
  File "C:\Users\16zhchen\AppData\Local\Programs\Python\Python36\lib\site-packages\flask\app.py", line 1718, in handle_user_exception
    reraise(exc_type, exc_value, tb)
  File "C:\Users\16zhchen\AppData\Local\Programs\Python\Python36\lib\site-packages\flask\_compat.py", line 35, in reraise
    raise value
  File "C:\Users\16zhchen\AppData\Local\Programs\Python\Python36\lib\site-packages\flask\app.py", line 1813, in full_dispatch_request
    rv = self.dispatch_request()
  File "C:\Users\16zhchen\AppData\Local\Programs\Python\Python36\lib\site-packages\flask\app.py", line 1799, in dispatch_request
    return self.view_functions[rule.endpoint](**req.view_args)
  File "D:\SoftEngine\classroomManager\project\project\utildef.py", line 21, in decorator
    rv = f(*args, **kwargs)
  File "C:\Users\16zhchen\AppData\Local\Programs\Python\Python36\lib\site-packages\flask\views.py", line 88, in view
    return self.dispatch_request(*args, **kwargs)
  File "C:\Users\16zhchen\AppData\Local\Programs\Python\Python36\lib\site-packages\flask\views.py", line 158, in dispatch_request
    return meth(*args, **kwargs)
  File "D:\SoftEngine\classroomManager\project\project\main\views.py", line 425, in get
    data = request.args.to_dict()
  File "C:\Users\16zhchen\AppData\Local\Programs\Python\Python36\lib\json\__init__.py", line 354, in loads
    return _default_decoder.decode(s)
  File "C:\Users\16zhchen\AppData\Local\Programs\Python\Python36\lib\json\decoder.py", line 339, in decode
    obj, end = self.raw_decode(s, idx=_w(s, 0).end())
  File "C:\Users\16zhchen\AppData\Local\Programs\Python\Python36\lib\json\decoder.py", line 357, in raw_decode
    raise JSONDecodeError("Expecting value", s, err.value) from None
json.decoder.JSONDecodeError: Expecting value: line 1 column 1 (char 0)
2018-12-27 00:35:58,961 ERROR:Exception on /main/tb_classroom_table [GET] [in C:\Users\16zhchen\AppData\Local\Programs\Python\Python36\lib\site-packages\flask\app.py:1761]
Traceback (most recent call last):
  File "C:\Users\16zhchen\AppData\Local\Programs\Python\Python36\lib\site-packages\flask\app.py", line 2292, in wsgi_app
    response = self.full_dispatch_request()
  File "C:\Users\16zhchen\AppData\Local\Programs\Python\Python36\lib\site-packages\flask\app.py", line 1815, in full_dispatch_request
    rv = self.handle_user_exception(e)
  File "C:\Users\16zhchen\AppData\Local\Programs\Python\Python36\lib\site-packages\flask\app.py", line 1718, in handle_user_exception
    reraise(exc_type, exc_value, tb)
  File "C:\Users\16zhchen\AppData\Local\Programs\Python\Python36\lib\site-packages\flask\_compat.py", line 35, in reraise
    raise value
  File "C:\Users\16zhchen\AppData\Local\Programs\Python\Python36\lib\site-packages\flask\app.py", line 1813, in full_dispatch_request
    rv = self.dispatch_request()
  File "C:\Users\16zhchen\AppData\Local\Programs\Python\Python36\lib\site-packages\flask\app.py", line 1799, in dispatch_request
    return self.view_functions[rule.endpoint](**req.view_args)
  File "D:\SoftEngine\classroomManager\project\project\utildef.py", line 21, in decorator
    rv = f(*args, **kwargs)
  File "C:\Users\16zhchen\AppData\Local\Programs\Python\Python36\lib\site-packages\flask\views.py", line 88, in view
    return self.dispatch_request(*args, **kwargs)
  File "C:\Users\16zhchen\AppData\Local\Programs\Python\Python36\lib\site-packages\flask\views.py", line 158, in dispatch_request
    return meth(*args, **kwargs)
  File "D:\SoftEngine\classroomManager\project\project\main\views.py", line 425, in get
    data = request.args.to_dict()
  File "C:\Users\16zhchen\AppData\Local\Programs\Python\Python36\lib\json\__init__.py", line 354, in loads
    return _default_decoder.decode(s)
  File "C:\Users\16zhchen\AppData\Local\Programs\Python\Python36\lib\json\decoder.py", line 339, in decode
    obj, end = self.raw_decode(s, idx=_w(s, 0).end())
  File "C:\Users\16zhchen\AppData\Local\Programs\Python\Python36\lib\json\decoder.py", line 357, in raw_decode
    raise JSONDecodeError("Expecting value", s, err.value) from None
json.decoder.JSONDecodeError: Expecting value: line 1 column 1 (char 0)
2018-12-27 00:36:58,771 ERROR:Exception on /main/tb_classroom_table [GET] [in C:\Users\16zhchen\AppData\Local\Programs\Python\Python36\lib\site-packages\flask\app.py:1761]
Traceback (most recent call last):
  File "C:\Users\16zhchen\AppData\Local\Programs\Python\Python36\lib\site-packages\flask\app.py", line 2292, in wsgi_app
    response = self.full_dispatch_request()
  File "C:\Users\16zhchen\AppData\Local\Programs\Python\Python36\lib\site-packages\flask\app.py", line 1815, in full_dispatch_request
    rv = self.handle_user_exception(e)
  File "C:\Users\16zhchen\AppData\Local\Programs\Python\Python36\lib\site-packages\flask\app.py", line 1718, in handle_user_exception
    reraise(exc_type, exc_value, tb)
  File "C:\Users\16zhchen\AppData\Local\Programs\Python\Python36\lib\site-packages\flask\_compat.py", line 35, in reraise
    raise value
  File "C:\Users\16zhchen\AppData\Local\Programs\Python\Python36\lib\site-packages\flask\app.py", line 1813, in full_dispatch_request
    rv = self.dispatch_request()
  File "C:\Users\16zhchen\AppData\Local\Programs\Python\Python36\lib\site-packages\flask\app.py", line 1799, in dispatch_request
    return self.view_functions[rule.endpoint](**req.view_args)
  File "D:\SoftEngine\classroomManager\project\project\utildef.py", line 21, in decorator
    rv = f(*args, **kwargs)
  File "C:\Users\16zhchen\AppData\Local\Programs\Python\Python36\lib\site-packages\flask\views.py", line 88, in view
    return self.dispatch_request(*args, **kwargs)
  File "C:\Users\16zhchen\AppData\Local\Programs\Python\Python36\lib\site-packages\flask\views.py", line 158, in dispatch_request
    return meth(*args, **kwargs)
  File "D:\SoftEngine\classroomManager\project\project\main\views.py", line 425, in get
    data = request.args.to_dict()
  File "C:\Users\16zhchen\AppData\Local\Programs\Python\Python36\lib\json\__init__.py", line 354, in loads
    return _default_decoder.decode(s)
  File "C:\Users\16zhchen\AppData\Local\Programs\Python\Python36\lib\json\decoder.py", line 339, in decode
    obj, end = self.raw_decode(s, idx=_w(s, 0).end())
  File "C:\Users\16zhchen\AppData\Local\Programs\Python\Python36\lib\json\decoder.py", line 357, in raw_decode
    raise JSONDecodeError("Expecting value", s, err.value) from None
json.decoder.JSONDecodeError: Expecting value: line 1 column 1 (char 0)
2018-12-27 00:40:57,130 ERROR:Exception on /main/tb_exam_table [GET] [in C:\Users\16zhchen\AppData\Local\Programs\Python\Python36\lib\site-packages\flask\app.py:1761]
Traceback (most recent call last):
  File "C:\Users\16zhchen\AppData\Local\Programs\Python\Python36\lib\site-packages\flask\app.py", line 2292, in wsgi_app
    response = self.full_dispatch_request()
  File "C:\Users\16zhchen\AppData\Local\Programs\Python\Python36\lib\site-packages\flask\app.py", line 1815, in full_dispatch_request
    rv = self.handle_user_exception(e)
  File "C:\Users\16zhchen\AppData\Local\Programs\Python\Python36\lib\site-packages\flask\app.py", line 1718, in handle_user_exception
    reraise(exc_type, exc_value, tb)
  File "C:\Users\16zhchen\AppData\Local\Programs\Python\Python36\lib\site-packages\flask\_compat.py", line 35, in reraise
    raise value
  File "C:\Users\16zhchen\AppData\Local\Programs\Python\Python36\lib\site-packages\flask\app.py", line 1813, in full_dispatch_request
    rv = self.dispatch_request()
  File "C:\Users\16zhchen\AppData\Local\Programs\Python\Python36\lib\site-packages\flask\app.py", line 1799, in dispatch_request
    return self.view_functions[rule.endpoint](**req.view_args)
  File "D:\SoftEngine\classroomManager\project\project\utildef.py", line 21, in decorator
    rv = f(*args, **kwargs)
  File "C:\Users\16zhchen\AppData\Local\Programs\Python\Python36\lib\site-packages\flask\views.py", line 88, in view
    return self.dispatch_request(*args, **kwargs)
  File "C:\Users\16zhchen\AppData\Local\Programs\Python\Python36\lib\site-packages\flask\views.py", line 158, in dispatch_request
    return meth(*args, **kwargs)
  File "D:\SoftEngine\classroomManager\project\project\main\views.py", line 497, in get
    data = request.args.to_dict()
  File "C:\Users\16zhchen\AppData\Local\Programs\Python\Python36\lib\json\__init__.py", line 354, in loads
    return _default_decoder.decode(s)
  File "C:\Users\16zhchen\AppData\Local\Programs\Python\Python36\lib\json\decoder.py", line 339, in decode
    obj, end = self.raw_decode(s, idx=_w(s, 0).end())
  File "C:\Users\16zhchen\AppData\Local\Programs\Python\Python36\lib\json\decoder.py", line 357, in raw_decode
    raise JSONDecodeError("Expecting value", s, err.value) from None
json.decoder.JSONDecodeError: Expecting value: line 1 column 1 (char 0)
2018-12-27 00:41:27,268 ERROR:Exception on /main/tb_exam_table [GET] [in C:\Users\16zhchen\AppData\Local\Programs\Python\Python36\lib\site-packages\flask\app.py:1761]
Traceback (most recent call last):
  File "C:\Users\16zhchen\AppData\Local\Programs\Python\Python36\lib\site-packages\flask\app.py", line 2292, in wsgi_app
    response = self.full_dispatch_request()
  File "C:\Users\16zhchen\AppData\Local\Programs\Python\Python36\lib\site-packages\flask\app.py", line 1815, in full_dispatch_request
    rv = self.handle_user_exception(e)
  File "C:\Users\16zhchen\AppData\Local\Programs\Python\Python36\lib\site-packages\flask\app.py", line 1718, in handle_user_exception
    reraise(exc_type, exc_value, tb)
  File "C:\Users\16zhchen\AppData\Local\Programs\Python\Python36\lib\site-packages\flask\_compat.py", line 35, in reraise
    raise value
  File "C:\Users\16zhchen\AppData\Local\Programs\Python\Python36\lib\site-packages\flask\app.py", line 1813, in full_dispatch_request
    rv = self.dispatch_request()
  File "C:\Users\16zhchen\AppData\Local\Programs\Python\Python36\lib\site-packages\flask\app.py", line 1799, in dispatch_request
    return self.view_functions[rule.endpoint](**req.view_args)
  File "D:\SoftEngine\classroomManager\project\project\utildef.py", line 21, in decorator
    rv = f(*args, **kwargs)
  File "C:\Users\16zhchen\AppData\Local\Programs\Python\Python36\lib\site-packages\flask\views.py", line 88, in view
    return self.dispatch_request(*args, **kwargs)
  File "C:\Users\16zhchen\AppData\Local\Programs\Python\Python36\lib\site-packages\flask\views.py", line 158, in dispatch_request
    return meth(*args, **kwargs)
  File "D:\SoftEngine\classroomManager\project\project\main\views.py", line 497, in get
    data = request.args.to_dict()
  File "C:\Users\16zhchen\AppData\Local\Programs\Python\Python36\lib\json\__init__.py", line 354, in loads
    return _default_decoder.decode(s)
  File "C:\Users\16zhchen\AppData\Local\Programs\Python\Python36\lib\json\decoder.py", line 339, in decode
    obj, end = self.raw_decode(s, idx=_w(s, 0).end())
  File "C:\Users\16zhchen\AppData\Local\Programs\Python\Python36\lib\json\decoder.py", line 357, in raw_decode
    raise JSONDecodeError("Expecting value", s, err.value) from None
json.decoder.JSONDecodeError: Expecting value: line 1 column 1 (char 0)
2018-12-27 00:43:58,546 ERROR:Exception on /main/tb_exam_table [GET] [in C:\Users\16zhchen\AppData\Local\Programs\Python\Python36\lib\site-packages\flask\app.py:1761]
Traceback (most recent call last):
  File "C:\Users\16zhchen\AppData\Local\Programs\Python\Python36\lib\site-packages\flask\app.py", line 2292, in wsgi_app
    response = self.full_dispatch_request()
  File "C:\Users\16zhchen\AppData\Local\Programs\Python\Python36\lib\site-packages\flask\app.py", line 1815, in full_dispatch_request
    rv = self.handle_user_exception(e)
  File "C:\Users\16zhchen\AppData\Local\Programs\Python\Python36\lib\site-packages\flask\app.py", line 1718, in handle_user_exception
    reraise(exc_type, exc_value, tb)
  File "C:\Users\16zhchen\AppData\Local\Programs\Python\Python36\lib\site-packages\flask\_compat.py", line 35, in reraise
    raise value
  File "C:\Users\16zhchen\AppData\Local\Programs\Python\Python36\lib\site-packages\flask\app.py", line 1813, in full_dispatch_request
    rv = self.dispatch_request()
  File "C:\Users\16zhchen\AppData\Local\Programs\Python\Python36\lib\site-packages\flask\app.py", line 1799, in dispatch_request
    return self.view_functions[rule.endpoint](**req.view_args)
  File "D:\SoftEngine\classroomManager\project\project\utildef.py", line 21, in decorator
    rv = f(*args, **kwargs)
  File "C:\Users\16zhchen\AppData\Local\Programs\Python\Python36\lib\site-packages\flask\views.py", line 88, in view
    return self.dispatch_request(*args, **kwargs)
  File "C:\Users\16zhchen\AppData\Local\Programs\Python\Python36\lib\site-packages\flask\views.py", line 158, in dispatch_request
    return meth(*args, **kwargs)
  File "D:\SoftEngine\classroomManager\project\project\main\views.py", line 497, in get
    data = request.args.to_dict()
  File "C:\Users\16zhchen\AppData\Local\Programs\Python\Python36\lib\json\__init__.py", line 354, in loads
    return _default_decoder.decode(s)
  File "C:\Users\16zhchen\AppData\Local\Programs\Python\Python36\lib\json\decoder.py", line 339, in decode
    obj, end = self.raw_decode(s, idx=_w(s, 0).end())
  File "C:\Users\16zhchen\AppData\Local\Programs\Python\Python36\lib\json\decoder.py", line 357, in raw_decode
    raise JSONDecodeError("Expecting value", s, err.value) from None
json.decoder.JSONDecodeError: Expecting value: line 1 column 1 (char 0)
2018-12-27 00:45:23,810 ERROR:Exception on /main/tb_classroom_table [GET] [in C:\Users\16zhchen\AppData\Local\Programs\Python\Python36\lib\site-packages\flask\app.py:1761]
Traceback (most recent call last):
  File "C:\Users\16zhchen\AppData\Local\Programs\Python\Python36\lib\site-packages\flask\app.py", line 2292, in wsgi_app
    response = self.full_dispatch_request()
  File "C:\Users\16zhchen\AppData\Local\Programs\Python\Python36\lib\site-packages\flask\app.py", line 1815, in full_dispatch_request
    rv = self.handle_user_exception(e)
  File "C:\Users\16zhchen\AppData\Local\Programs\Python\Python36\lib\site-packages\flask\app.py", line 1718, in handle_user_exception
    reraise(exc_type, exc_value, tb)
  File "C:\Users\16zhchen\AppData\Local\Programs\Python\Python36\lib\site-packages\flask\_compat.py", line 35, in reraise
    raise value
  File "C:\Users\16zhchen\AppData\Local\Programs\Python\Python36\lib\site-packages\flask\app.py", line 1813, in full_dispatch_request
    rv = self.dispatch_request()
  File "C:\Users\16zhchen\AppData\Local\Programs\Python\Python36\lib\site-packages\flask\app.py", line 1799, in dispatch_request
    return self.view_functions[rule.endpoint](**req.view_args)
  File "D:\SoftEngine\classroomManager\project\project\utildef.py", line 21, in decorator
    rv = f(*args, **kwargs)
  File "C:\Users\16zhchen\AppData\Local\Programs\Python\Python36\lib\site-packages\flask\views.py", line 88, in view
    return self.dispatch_request(*args, **kwargs)
  File "C:\Users\16zhchen\AppData\Local\Programs\Python\Python36\lib\site-packages\flask\views.py", line 158, in dispatch_request
    return meth(*args, **kwargs)
  File "D:\SoftEngine\classroomManager\project\project\main\views.py", line 425, in get
    data = request.args.to_dict()
  File "C:\Users\16zhchen\AppData\Local\Programs\Python\Python36\lib\json\__init__.py", line 354, in loads
    return _default_decoder.decode(s)
  File "C:\Users\16zhchen\AppData\Local\Programs\Python\Python36\lib\json\decoder.py", line 339, in decode
    obj, end = self.raw_decode(s, idx=_w(s, 0).end())
  File "C:\Users\16zhchen\AppData\Local\Programs\Python\Python36\lib\json\decoder.py", line 357, in raw_decode
    raise JSONDecodeError("Expecting value", s, err.value) from None
json.decoder.JSONDecodeError: Expecting value: line 1 column 1 (char 0)
2018-12-27 08:04:04,724 ERROR:Exception on /main/tb_classroom_table [GET] [in C:\Users\16zhchen\AppData\Local\Programs\Python\Python36\lib\site-packages\flask\app.py:1761]
Traceback (most recent call last):
  File "C:\Users\16zhchen\AppData\Local\Programs\Python\Python36\lib\site-packages\flask\app.py", line 2292, in wsgi_app
    response = self.full_dispatch_request()
  File "C:\Users\16zhchen\AppData\Local\Programs\Python\Python36\lib\site-packages\flask\app.py", line 1815, in full_dispatch_request
    rv = self.handle_user_exception(e)
  File "C:\Users\16zhchen\AppData\Local\Programs\Python\Python36\lib\site-packages\flask\app.py", line 1718, in handle_user_exception
    reraise(exc_type, exc_value, tb)
  File "C:\Users\16zhchen\AppData\Local\Programs\Python\Python36\lib\site-packages\flask\_compat.py", line 35, in reraise
    raise value
  File "C:\Users\16zhchen\AppData\Local\Programs\Python\Python36\lib\site-packages\flask\app.py", line 1813, in full_dispatch_request
    rv = self.dispatch_request()
  File "C:\Users\16zhchen\AppData\Local\Programs\Python\Python36\lib\site-packages\flask\app.py", line 1799, in dispatch_request
    return self.view_functions[rule.endpoint](**req.view_args)
  File "D:\SoftEngine\classroomManager\project\project\utildef.py", line 21, in decorator
    rv = f(*args, **kwargs)
  File "C:\Users\16zhchen\AppData\Local\Programs\Python\Python36\lib\site-packages\flask\views.py", line 88, in view
    return self.dispatch_request(*args, **kwargs)
  File "C:\Users\16zhchen\AppData\Local\Programs\Python\Python36\lib\site-packages\flask\views.py", line 158, in dispatch_request
    return meth(*args, **kwargs)
  File "D:\SoftEngine\classroomManager\project\project\main\views.py", line 439, in get
    course_name = data['course_name']
KeyError: 'course_name'
2018-12-27 08:04:30,229 ERROR:Exception on /main/tb_classroom_table [GET] [in C:\Users\16zhchen\AppData\Local\Programs\Python\Python36\lib\site-packages\flask\app.py:1761]
Traceback (most recent call last):
  File "C:\Users\16zhchen\AppData\Local\Programs\Python\Python36\lib\site-packages\flask\app.py", line 2292, in wsgi_app
    response = self.full_dispatch_request()
  File "C:\Users\16zhchen\AppData\Local\Programs\Python\Python36\lib\site-packages\flask\app.py", line 1815, in full_dispatch_request
    rv = self.handle_user_exception(e)
  File "C:\Users\16zhchen\AppData\Local\Programs\Python\Python36\lib\site-packages\flask\app.py", line 1718, in handle_user_exception
    reraise(exc_type, exc_value, tb)
  File "C:\Users\16zhchen\AppData\Local\Programs\Python\Python36\lib\site-packages\flask\_compat.py", line 35, in reraise
    raise value
  File "C:\Users\16zhchen\AppData\Local\Programs\Python\Python36\lib\site-packages\flask\app.py", line 1813, in full_dispatch_request
    rv = self.dispatch_request()
  File "C:\Users\16zhchen\AppData\Local\Programs\Python\Python36\lib\site-packages\flask\app.py", line 1799, in dispatch_request
    return self.view_functions[rule.endpoint](**req.view_args)
  File "D:\SoftEngine\classroomManager\project\project\utildef.py", line 21, in decorator
    rv = f(*args, **kwargs)
  File "C:\Users\16zhchen\AppData\Local\Programs\Python\Python36\lib\site-packages\flask\views.py", line 88, in view
    return self.dispatch_request(*args, **kwargs)
  File "C:\Users\16zhchen\AppData\Local\Programs\Python\Python36\lib\site-packages\flask\views.py", line 158, in dispatch_request
    return meth(*args, **kwargs)
  File "D:\SoftEngine\classroomManager\project\project\main\views.py", line 439, in get
    course_name = data['course_name']
KeyError: 'course_name'
2018-12-27 08:05:20,034 ERROR:Exception on /main/tb_classroom_table [GET] [in C:\Users\16zhchen\AppData\Local\Programs\Python\Python36\lib\site-packages\flask\app.py:1761]
Traceback (most recent call last):
  File "C:\Users\16zhchen\AppData\Local\Programs\Python\Python36\lib\site-packages\flask\app.py", line 2292, in wsgi_app
    response = self.full_dispatch_request()
  File "C:\Users\16zhchen\AppData\Local\Programs\Python\Python36\lib\site-packages\flask\app.py", line 1815, in full_dispatch_request
    rv = self.handle_user_exception(e)
  File "C:\Users\16zhchen\AppData\Local\Programs\Python\Python36\lib\site-packages\flask\app.py", line 1718, in handle_user_exception
    reraise(exc_type, exc_value, tb)
  File "C:\Users\16zhchen\AppData\Local\Programs\Python\Python36\lib\site-packages\flask\_compat.py", line 35, in reraise
    raise value
  File "C:\Users\16zhchen\AppData\Local\Programs\Python\Python36\lib\site-packages\flask\app.py", line 1813, in full_dispatch_request
    rv = self.dispatch_request()
  File "C:\Users\16zhchen\AppData\Local\Programs\Python\Python36\lib\site-packages\flask\app.py", line 1799, in dispatch_request
    return self.view_functions[rule.endpoint](**req.view_args)
  File "D:\SoftEngine\classroomManager\project\project\utildef.py", line 21, in decorator
    rv = f(*args, **kwargs)
  File "C:\Users\16zhchen\AppData\Local\Programs\Python\Python36\lib\site-packages\flask\views.py", line 88, in view
    return self.dispatch_request(*args, **kwargs)
  File "C:\Users\16zhchen\AppData\Local\Programs\Python\Python36\lib\site-packages\flask\views.py", line 158, in dispatch_request
    return meth(*args, **kwargs)
  File "D:\SoftEngine\classroomManager\project\project\main\views.py", line 439, in get
    course_name = data['course_name']
KeyError: 'course_name'
2018-12-27 08:07:03,793 ERROR:Exception on /main/tb_classroom_table [GET] [in C:\Users\16zhchen\AppData\Local\Programs\Python\Python36\lib\site-packages\flask\app.py:1761]
Traceback (most recent call last):
  File "C:\Users\16zhchen\AppData\Local\Programs\Python\Python36\lib\site-packages\flask\app.py", line 2292, in wsgi_app
    response = self.full_dispatch_request()
  File "C:\Users\16zhchen\AppData\Local\Programs\Python\Python36\lib\site-packages\flask\app.py", line 1815, in full_dispatch_request
    rv = self.handle_user_exception(e)
  File "C:\Users\16zhchen\AppData\Local\Programs\Python\Python36\lib\site-packages\flask\app.py", line 1718, in handle_user_exception
    reraise(exc_type, exc_value, tb)
  File "C:\Users\16zhchen\AppData\Local\Programs\Python\Python36\lib\site-packages\flask\_compat.py", line 35, in reraise
    raise value
  File "C:\Users\16zhchen\AppData\Local\Programs\Python\Python36\lib\site-packages\flask\app.py", line 1813, in full_dispatch_request
    rv = self.dispatch_request()
  File "C:\Users\16zhchen\AppData\Local\Programs\Python\Python36\lib\site-packages\flask\app.py", line 1799, in dispatch_request
    return self.view_functions[rule.endpoint](**req.view_args)
  File "D:\SoftEngine\classroomManager\project\project\utildef.py", line 21, in decorator
    rv = f(*args, **kwargs)
  File "C:\Users\16zhchen\AppData\Local\Programs\Python\Python36\lib\site-packages\flask\views.py", line 88, in view
    return self.dispatch_request(*args, **kwargs)
  File "C:\Users\16zhchen\AppData\Local\Programs\Python\Python36\lib\site-packages\flask\views.py", line 158, in dispatch_request
    return meth(*args, **kwargs)
  File "D:\SoftEngine\classroomManager\project\project\main\views.py", line 439, in get
    course_name = data['course_name']
KeyError: 'course_name'
2018-12-27 08:42:28,253 ERROR:Exception on /main/tb_reservation [PUT] [in C:\Users\16zhchen\AppData\Local\Programs\Python\Python36\lib\site-packages\flask\app.py:1761]
Traceback (most recent call last):
  File "C:\Users\16zhchen\AppData\Local\Programs\Python\Python36\lib\site-packages\sqlalchemy\engine\base.py", line 1193, in _execute_context
    context)
  File "C:\Users\16zhchen\AppData\Local\Programs\Python\Python36\lib\site-packages\sqlalchemy\engine\default.py", line 509, in do_execute
    cursor.execute(statement, parameters)
  File "C:\Users\16zhchen\AppData\Local\Programs\Python\Python36\lib\site-packages\pymysql\cursors.py", line 170, in execute
    result = self._query(query)
  File "C:\Users\16zhchen\AppData\Local\Programs\Python\Python36\lib\site-packages\pymysql\cursors.py", line 328, in _query
    conn.query(q)
  File "C:\Users\16zhchen\AppData\Local\Programs\Python\Python36\lib\site-packages\pymysql\connections.py", line 516, in query
    self._affected_rows = self._read_query_result(unbuffered=unbuffered)
  File "C:\Users\16zhchen\AppData\Local\Programs\Python\Python36\lib\site-packages\pymysql\connections.py", line 727, in _read_query_result
    result.read()
  File "C:\Users\16zhchen\AppData\Local\Programs\Python\Python36\lib\site-packages\pymysql\connections.py", line 1066, in read
    first_packet = self.connection._read_packet()
  File "C:\Users\16zhchen\AppData\Local\Programs\Python\Python36\lib\site-packages\pymysql\connections.py", line 683, in _read_packet
    packet.check_error()
  File "C:\Users\16zhchen\AppData\Local\Programs\Python\Python36\lib\site-packages\pymysql\protocol.py", line 220, in check_error
    err.raise_mysql_exception(self._data)
  File "C:\Users\16zhchen\AppData\Local\Programs\Python\Python36\lib\site-packages\pymysql\err.py", line 109, in raise_mysql_exception
    raise errorclass(errno, errval)
pymysql.err.InternalError: (1292, "Incorrect datetime value: '2018-12-27T00:42:28.199Z' for column 'submit_date' at row 1")

The above exception was the direct cause of the following exception:

Traceback (most recent call last):
  File "C:\Users\16zhchen\AppData\Local\Programs\Python\Python36\lib\site-packages\flask\app.py", line 2292, in wsgi_app
    response = self.full_dispatch_request()
  File "C:\Users\16zhchen\AppData\Local\Programs\Python\Python36\lib\site-packages\flask\app.py", line 1815, in full_dispatch_request
    rv = self.handle_user_exception(e)
  File "C:\Users\16zhchen\AppData\Local\Programs\Python\Python36\lib\site-packages\flask\app.py", line 1718, in handle_user_exception
    reraise(exc_type, exc_value, tb)
  File "C:\Users\16zhchen\AppData\Local\Programs\Python\Python36\lib\site-packages\flask\_compat.py", line 35, in reraise
    raise value
  File "C:\Users\16zhchen\AppData\Local\Programs\Python\Python36\lib\site-packages\flask\app.py", line 1813, in full_dispatch_request
    rv = self.dispatch_request()
  File "C:\Users\16zhchen\AppData\Local\Programs\Python\Python36\lib\site-packages\flask\app.py", line 1799, in dispatch_request
    return self.view_functions[rule.endpoint](**req.view_args)
  File "D:\SoftEngine\classroomManager\project\project\utildef.py", line 21, in decorator
    rv = f(*args, **kwargs)
  File "C:\Users\16zhchen\AppData\Local\Programs\Python\Python36\lib\site-packages\flask\views.py", line 88, in view
    return self.dispatch_request(*args, **kwargs)
  File "C:\Users\16zhchen\AppData\Local\Programs\Python\Python36\lib\site-packages\flask\views.py", line 158, in dispatch_request
    return meth(*args, **kwargs)
  File "D:\SoftEngine\classroomManager\project\project\main\views.py", line 386, in put
    db.session.commit()
  File "C:\Users\16zhchen\AppData\Local\Programs\Python\Python36\lib\site-packages\sqlalchemy\orm\scoping.py", line 153, in do
    return getattr(self.registry(), name)(*args, **kwargs)
  File "C:\Users\16zhchen\AppData\Local\Programs\Python\Python36\lib\site-packages\sqlalchemy\orm\session.py", line 954, in commit
    self.transaction.commit()
  File "C:\Users\16zhchen\AppData\Local\Programs\Python\Python36\lib\site-packages\sqlalchemy\orm\session.py", line 467, in commit
    self._prepare_impl()
  File "C:\Users\16zhchen\AppData\Local\Programs\Python\Python36\lib\site-packages\sqlalchemy\orm\session.py", line 447, in _prepare_impl
    self.session.flush()
  File "C:\Users\16zhchen\AppData\Local\Programs\Python\Python36\lib\site-packages\sqlalchemy\orm\session.py", line 2313, in flush
    self._flush(objects)
  File "C:\Users\16zhchen\AppData\Local\Programs\Python\Python36\lib\site-packages\sqlalchemy\orm\session.py", line 2440, in _flush
    transaction.rollback(_capture_exception=True)
  File "C:\Users\16zhchen\AppData\Local\Programs\Python\Python36\lib\site-packages\sqlalchemy\util\langhelpers.py", line 66, in __exit__
    compat.reraise(exc_type, exc_value, exc_tb)
  File "C:\Users\16zhchen\AppData\Local\Programs\Python\Python36\lib\site-packages\sqlalchemy\util\compat.py", line 249, in reraise
    raise value
  File "C:\Users\16zhchen\AppData\Local\Programs\Python\Python36\lib\site-packages\sqlalchemy\orm\session.py", line 2404, in _flush
    flush_context.execute()
  File "C:\Users\16zhchen\AppData\Local\Programs\Python\Python36\lib\site-packages\sqlalchemy\orm\unitofwork.py", line 395, in execute
    rec.execute(self)
  File "C:\Users\16zhchen\AppData\Local\Programs\Python\Python36\lib\site-packages\sqlalchemy\orm\unitofwork.py", line 560, in execute
    uow
  File "C:\Users\16zhchen\AppData\Local\Programs\Python\Python36\lib\site-packages\sqlalchemy\orm\persistence.py", line 181, in save_obj
    mapper, table, insert)
  File "C:\Users\16zhchen\AppData\Local\Programs\Python\Python36\lib\site-packages\sqlalchemy\orm\persistence.py", line 872, in _emit_insert_statements
    execute(statement, params)
  File "C:\Users\16zhchen\AppData\Local\Programs\Python\Python36\lib\site-packages\sqlalchemy\engine\base.py", line 948, in execute
    return meth(self, multiparams, params)
  File "C:\Users\16zhchen\AppData\Local\Programs\Python\Python36\lib\site-packages\sqlalchemy\sql\elements.py", line 269, in _execute_on_connection
    return connection._execute_clauseelement(self, multiparams, params)
  File "C:\Users\16zhchen\AppData\Local\Programs\Python\Python36\lib\site-packages\sqlalchemy\engine\base.py", line 1060, in _execute_clauseelement
    compiled_sql, distilled_params
  File "C:\Users\16zhchen\AppData\Local\Programs\Python\Python36\lib\site-packages\sqlalchemy\engine\base.py", line 1200, in _execute_context
    context)
  File "C:\Users\16zhchen\AppData\Local\Programs\Python\Python36\lib\site-packages\sqlalchemy\engine\base.py", line 1413, in _handle_dbapi_exception
    exc_info
  File "C:\Users\16zhchen\AppData\Local\Programs\Python\Python36\lib\site-packages\sqlalchemy\util\compat.py", line 265, in raise_from_cause
    reraise(type(exception), exception, tb=exc_tb, cause=cause)
  File "C:\Users\16zhchen\AppData\Local\Programs\Python\Python36\lib\site-packages\sqlalchemy\util\compat.py", line 248, in reraise
    raise value.with_traceback(tb)
  File "C:\Users\16zhchen\AppData\Local\Programs\Python\Python36\lib\site-packages\sqlalchemy\engine\base.py", line 1193, in _execute_context
    context)
  File "C:\Users\16zhchen\AppData\Local\Programs\Python\Python36\lib\site-packages\sqlalchemy\engine\default.py", line 509, in do_execute
    cursor.execute(statement, parameters)
  File "C:\Users\16zhchen\AppData\Local\Programs\Python\Python36\lib\site-packages\pymysql\cursors.py", line 170, in execute
    result = self._query(query)
  File "C:\Users\16zhchen\AppData\Local\Programs\Python\Python36\lib\site-packages\pymysql\cursors.py", line 328, in _query
    conn.query(q)
  File "C:\Users\16zhchen\AppData\Local\Programs\Python\Python36\lib\site-packages\pymysql\connections.py", line 516, in query
    self._affected_rows = self._read_query_result(unbuffered=unbuffered)
  File "C:\Users\16zhchen\AppData\Local\Programs\Python\Python36\lib\site-packages\pymysql\connections.py", line 727, in _read_query_result
    result.read()
  File "C:\Users\16zhchen\AppData\Local\Programs\Python\Python36\lib\site-packages\pymysql\connections.py", line 1066, in read
    first_packet = self.connection._read_packet()
  File "C:\Users\16zhchen\AppData\Local\Programs\Python\Python36\lib\site-packages\pymysql\connections.py", line 683, in _read_packet
    packet.check_error()
  File "C:\Users\16zhchen\AppData\Local\Programs\Python\Python36\lib\site-packages\pymysql\protocol.py", line 220, in check_error
    err.raise_mysql_exception(self._data)
  File "C:\Users\16zhchen\AppData\Local\Programs\Python\Python36\lib\site-packages\pymysql\err.py", line 109, in raise_mysql_exception
    raise errorclass(errno, errval)
sqlalchemy.exc.InternalError: (pymysql.err.InternalError) (1292, "Incorrect datetime value: '2018-12-27T00:42:28.199Z' for column 'submit_date' at row 1") [SQL: 'INSERT INTO tb_reservation (class_id, user_id, submit_date, jieshu, reason, status) VALUES (%(class_id)s, %(user_id)s, %(submit_date)s, %(jieshu)s, %(reason)s, %(status)s)'] [parameters: {'class_id': 4, 'user_id': 5912, 'submit_date': '2018-12-27T00:42:28.199Z', 'jieshu': '12', 'reason': '', 'status': 0}] (Background on this error at: http://sqlalche.me/e/2j85)
2018-12-27 08:43:22,846 ERROR:Exception on /main/tb_reservation [PUT] [in C:\Users\16zhchen\AppData\Local\Programs\Python\Python36\lib\site-packages\flask\app.py:1761]
Traceback (most recent call last):
  File "C:\Users\16zhchen\AppData\Local\Programs\Python\Python36\lib\site-packages\sqlalchemy\engine\base.py", line 1193, in _execute_context
    context)
  File "C:\Users\16zhchen\AppData\Local\Programs\Python\Python36\lib\site-packages\sqlalchemy\engine\default.py", line 509, in do_execute
    cursor.execute(statement, parameters)
  File "C:\Users\16zhchen\AppData\Local\Programs\Python\Python36\lib\site-packages\pymysql\cursors.py", line 170, in execute
    result = self._query(query)
  File "C:\Users\16zhchen\AppData\Local\Programs\Python\Python36\lib\site-packages\pymysql\cursors.py", line 328, in _query
    conn.query(q)
  File "C:\Users\16zhchen\AppData\Local\Programs\Python\Python36\lib\site-packages\pymysql\connections.py", line 516, in query
    self._affected_rows = self._read_query_result(unbuffered=unbuffered)
  File "C:\Users\16zhchen\AppData\Local\Programs\Python\Python36\lib\site-packages\pymysql\connections.py", line 727, in _read_query_result
    result.read()
  File "C:\Users\16zhchen\AppData\Local\Programs\Python\Python36\lib\site-packages\pymysql\connections.py", line 1066, in read
    first_packet = self.connection._read_packet()
  File "C:\Users\16zhchen\AppData\Local\Programs\Python\Python36\lib\site-packages\pymysql\connections.py", line 683, in _read_packet
    packet.check_error()
  File "C:\Users\16zhchen\AppData\Local\Programs\Python\Python36\lib\site-packages\pymysql\protocol.py", line 220, in check_error
    err.raise_mysql_exception(self._data)
  File "C:\Users\16zhchen\AppData\Local\Programs\Python\Python36\lib\site-packages\pymysql\err.py", line 109, in raise_mysql_exception
    raise errorclass(errno, errval)
pymysql.err.InternalError: (1292, "Incorrect datetime value: '2018-12-27T00:43:22.829Z' for column 'submit_date' at row 1")

The above exception was the direct cause of the following exception:

Traceback (most recent call last):
  File "C:\Users\16zhchen\AppData\Local\Programs\Python\Python36\lib\site-packages\flask\app.py", line 2292, in wsgi_app
    response = self.full_dispatch_request()
  File "C:\Users\16zhchen\AppData\Local\Programs\Python\Python36\lib\site-packages\flask\app.py", line 1815, in full_dispatch_request
    rv = self.handle_user_exception(e)
  File "C:\Users\16zhchen\AppData\Local\Programs\Python\Python36\lib\site-packages\flask\app.py", line 1718, in handle_user_exception
    reraise(exc_type, exc_value, tb)
  File "C:\Users\16zhchen\AppData\Local\Programs\Python\Python36\lib\site-packages\flask\_compat.py", line 35, in reraise
    raise value
  File "C:\Users\16zhchen\AppData\Local\Programs\Python\Python36\lib\site-packages\flask\app.py", line 1813, in full_dispatch_request
    rv = self.dispatch_request()
  File "C:\Users\16zhchen\AppData\Local\Programs\Python\Python36\lib\site-packages\flask\app.py", line 1799, in dispatch_request
    return self.view_functions[rule.endpoint](**req.view_args)
  File "D:\SoftEngine\classroomManager\project\project\utildef.py", line 21, in decorator
    rv = f(*args, **kwargs)
  File "C:\Users\16zhchen\AppData\Local\Programs\Python\Python36\lib\site-packages\flask\views.py", line 88, in view
    return self.dispatch_request(*args, **kwargs)
  File "C:\Users\16zhchen\AppData\Local\Programs\Python\Python36\lib\site-packages\flask\views.py", line 158, in dispatch_request
    return meth(*args, **kwargs)
  File "D:\SoftEngine\classroomManager\project\project\main\views.py", line 386, in put
    db.session.commit()
  File "C:\Users\16zhchen\AppData\Local\Programs\Python\Python36\lib\site-packages\sqlalchemy\orm\scoping.py", line 153, in do
    return getattr(self.registry(), name)(*args, **kwargs)
  File "C:\Users\16zhchen\AppData\Local\Programs\Python\Python36\lib\site-packages\sqlalchemy\orm\session.py", line 954, in commit
    self.transaction.commit()
  File "C:\Users\16zhchen\AppData\Local\Programs\Python\Python36\lib\site-packages\sqlalchemy\orm\session.py", line 467, in commit
    self._prepare_impl()
  File "C:\Users\16zhchen\AppData\Local\Programs\Python\Python36\lib\site-packages\sqlalchemy\orm\session.py", line 447, in _prepare_impl
    self.session.flush()
  File "C:\Users\16zhchen\AppData\Local\Programs\Python\Python36\lib\site-packages\sqlalchemy\orm\session.py", line 2313, in flush
    self._flush(objects)
  File "C:\Users\16zhchen\AppData\Local\Programs\Python\Python36\lib\site-packages\sqlalchemy\orm\session.py", line 2440, in _flush
    transaction.rollback(_capture_exception=True)
  File "C:\Users\16zhchen\AppData\Local\Programs\Python\Python36\lib\site-packages\sqlalchemy\util\langhelpers.py", line 66, in __exit__
    compat.reraise(exc_type, exc_value, exc_tb)
  File "C:\Users\16zhchen\AppData\Local\Programs\Python\Python36\lib\site-packages\sqlalchemy\util\compat.py", line 249, in reraise
    raise value
  File "C:\Users\16zhchen\AppData\Local\Programs\Python\Python36\lib\site-packages\sqlalchemy\orm\session.py", line 2404, in _flush
    flush_context.execute()
  File "C:\Users\16zhchen\AppData\Local\Programs\Python\Python36\lib\site-packages\sqlalchemy\orm\unitofwork.py", line 395, in execute
    rec.execute(self)
  File "C:\Users\16zhchen\AppData\Local\Programs\Python\Python36\lib\site-packages\sqlalchemy\orm\unitofwork.py", line 560, in execute
    uow
  File "C:\Users\16zhchen\AppData\Local\Programs\Python\Python36\lib\site-packages\sqlalchemy\orm\persistence.py", line 181, in save_obj
    mapper, table, insert)
  File "C:\Users\16zhchen\AppData\Local\Programs\Python\Python36\lib\site-packages\sqlalchemy\orm\persistence.py", line 872, in _emit_insert_statements
    execute(statement, params)
  File "C:\Users\16zhchen\AppData\Local\Programs\Python\Python36\lib\site-packages\sqlalchemy\engine\base.py", line 948, in execute
    return meth(self, multiparams, params)
  File "C:\Users\16zhchen\AppData\Local\Programs\Python\Python36\lib\site-packages\sqlalchemy\sql\elements.py", line 269, in _execute_on_connection
    return connection._execute_clauseelement(self, multiparams, params)
  File "C:\Users\16zhchen\AppData\Local\Programs\Python\Python36\lib\site-packages\sqlalchemy\engine\base.py", line 1060, in _execute_clauseelement
    compiled_sql, distilled_params
  File "C:\Users\16zhchen\AppData\Local\Programs\Python\Python36\lib\site-packages\sqlalchemy\engine\base.py", line 1200, in _execute_context
    context)
  File "C:\Users\16zhchen\AppData\Local\Programs\Python\Python36\lib\site-packages\sqlalchemy\engine\base.py", line 1413, in _handle_dbapi_exception
    exc_info
  File "C:\Users\16zhchen\AppData\Local\Programs\Python\Python36\lib\site-packages\sqlalchemy\util\compat.py", line 265, in raise_from_cause
    reraise(type(exception), exception, tb=exc_tb, cause=cause)
  File "C:\Users\16zhchen\AppData\Local\Programs\Python\Python36\lib\site-packages\sqlalchemy\util\compat.py", line 248, in reraise
    raise value.with_traceback(tb)
  File "C:\Users\16zhchen\AppData\Local\Programs\Python\Python36\lib\site-packages\sqlalchemy\engine\base.py", line 1193, in _execute_context
    context)
  File "C:\Users\16zhchen\AppData\Local\Programs\Python\Python36\lib\site-packages\sqlalchemy\engine\default.py", line 509, in do_execute
    cursor.execute(statement, parameters)
  File "C:\Users\16zhchen\AppData\Local\Programs\Python\Python36\lib\site-packages\pymysql\cursors.py", line 170, in execute
    result = self._query(query)
  File "C:\Users\16zhchen\AppData\Local\Programs\Python\Python36\lib\site-packages\pymysql\cursors.py", line 328, in _query
    conn.query(q)
  File "C:\Users\16zhchen\AppData\Local\Programs\Python\Python36\lib\site-packages\pymysql\connections.py", line 516, in query
    self._affected_rows = self._read_query_result(unbuffered=unbuffered)
  File "C:\Users\16zhchen\AppData\Local\Programs\Python\Python36\lib\site-packages\pymysql\connections.py", line 727, in _read_query_result
    result.read()
  File "C:\Users\16zhchen\AppData\Local\Programs\Python\Python36\lib\site-packages\pymysql\connections.py", line 1066, in read
    first_packet = self.connection._read_packet()
  File "C:\Users\16zhchen\AppData\Local\Programs\Python\Python36\lib\site-packages\pymysql\connections.py", line 683, in _read_packet
    packet.check_error()
  File "C:\Users\16zhchen\AppData\Local\Programs\Python\Python36\lib\site-packages\pymysql\protocol.py", line 220, in check_error
    err.raise_mysql_exception(self._data)
  File "C:\Users\16zhchen\AppData\Local\Programs\Python\Python36\lib\site-packages\pymysql\err.py", line 109, in raise_mysql_exception
    raise errorclass(errno, errval)
sqlalchemy.exc.InternalError: (pymysql.err.InternalError) (1292, "Incorrect datetime value: '2018-12-27T00:43:22.829Z' for column 'submit_date' at row 1") [SQL: 'INSERT INTO tb_reservation (class_id, user_id, submit_date, jieshu, reason, status) VALUES (%(class_id)s, %(user_id)s, %(submit_date)s, %(jieshu)s, %(reason)s, %(status)s)'] [parameters: {'class_id': 10, 'user_id': 5912, 'submit_date': '2018-12-27T00:43:22.829Z', 'jieshu': '12', 'reason': '', 'status': 0}] (Background on this error at: http://sqlalche.me/e/2j85)
2018-12-27 08:44:40,723 ERROR:Exception on /main/tb_reservation [PUT] [in C:\Users\16zhchen\AppData\Local\Programs\Python\Python36\lib\site-packages\flask\app.py:1761]
Traceback (most recent call last):
  File "C:\Users\16zhchen\AppData\Local\Programs\Python\Python36\lib\site-packages\sqlalchemy\engine\base.py", line 1193, in _execute_context
    context)
  File "C:\Users\16zhchen\AppData\Local\Programs\Python\Python36\lib\site-packages\sqlalchemy\engine\default.py", line 509, in do_execute
    cursor.execute(statement, parameters)
  File "C:\Users\16zhchen\AppData\Local\Programs\Python\Python36\lib\site-packages\pymysql\cursors.py", line 170, in execute
    result = self._query(query)
  File "C:\Users\16zhchen\AppData\Local\Programs\Python\Python36\lib\site-packages\pymysql\cursors.py", line 328, in _query
    conn.query(q)
  File "C:\Users\16zhchen\AppData\Local\Programs\Python\Python36\lib\site-packages\pymysql\connections.py", line 516, in query
    self._affected_rows = self._read_query_result(unbuffered=unbuffered)
  File "C:\Users\16zhchen\AppData\Local\Programs\Python\Python36\lib\site-packages\pymysql\connections.py", line 727, in _read_query_result
    result.read()
  File "C:\Users\16zhchen\AppData\Local\Programs\Python\Python36\lib\site-packages\pymysql\connections.py", line 1066, in read
    first_packet = self.connection._read_packet()
  File "C:\Users\16zhchen\AppData\Local\Programs\Python\Python36\lib\site-packages\pymysql\connections.py", line 683, in _read_packet
    packet.check_error()
  File "C:\Users\16zhchen\AppData\Local\Programs\Python\Python36\lib\site-packages\pymysql\protocol.py", line 220, in check_error
    err.raise_mysql_exception(self._data)
  File "C:\Users\16zhchen\AppData\Local\Programs\Python\Python36\lib\site-packages\pymysql\err.py", line 109, in raise_mysql_exception
    raise errorclass(errno, errval)
pymysql.err.InternalError: (1292, "Incorrect datetime value: '2018-12-27T00:44:40.709Z' for column 'submit_date' at row 1")

The above exception was the direct cause of the following exception:

Traceback (most recent call last):
  File "C:\Users\16zhchen\AppData\Local\Programs\Python\Python36\lib\site-packages\flask\app.py", line 2292, in wsgi_app
    response = self.full_dispatch_request()
  File "C:\Users\16zhchen\AppData\Local\Programs\Python\Python36\lib\site-packages\flask\app.py", line 1815, in full_dispatch_request
    rv = self.handle_user_exception(e)
  File "C:\Users\16zhchen\AppData\Local\Programs\Python\Python36\lib\site-packages\flask\app.py", line 1718, in handle_user_exception
    reraise(exc_type, exc_value, tb)
  File "C:\Users\16zhchen\AppData\Local\Programs\Python\Python36\lib\site-packages\flask\_compat.py", line 35, in reraise
    raise value
  File "C:\Users\16zhchen\AppData\Local\Programs\Python\Python36\lib\site-packages\flask\app.py", line 1813, in full_dispatch_request
    rv = self.dispatch_request()
  File "C:\Users\16zhchen\AppData\Local\Programs\Python\Python36\lib\site-packages\flask\app.py", line 1799, in dispatch_request
    return self.view_functions[rule.endpoint](**req.view_args)
  File "D:\SoftEngine\classroomManager\project\project\utildef.py", line 21, in decorator
    rv = f(*args, **kwargs)
  File "C:\Users\16zhchen\AppData\Local\Programs\Python\Python36\lib\site-packages\flask\views.py", line 88, in view
    return self.dispatch_request(*args, **kwargs)
  File "C:\Users\16zhchen\AppData\Local\Programs\Python\Python36\lib\site-packages\flask\views.py", line 158, in dispatch_request
    return meth(*args, **kwargs)
  File "D:\SoftEngine\classroomManager\project\project\main\views.py", line 386, in put
    db.session.commit()
  File "C:\Users\16zhchen\AppData\Local\Programs\Python\Python36\lib\site-packages\sqlalchemy\orm\scoping.py", line 153, in do
    return getattr(self.registry(), name)(*args, **kwargs)
  File "C:\Users\16zhchen\AppData\Local\Programs\Python\Python36\lib\site-packages\sqlalchemy\orm\session.py", line 954, in commit
    self.transaction.commit()
  File "C:\Users\16zhchen\AppData\Local\Programs\Python\Python36\lib\site-packages\sqlalchemy\orm\session.py", line 467, in commit
    self._prepare_impl()
  File "C:\Users\16zhchen\AppData\Local\Programs\Python\Python36\lib\site-packages\sqlalchemy\orm\session.py", line 447, in _prepare_impl
    self.session.flush()
  File "C:\Users\16zhchen\AppData\Local\Programs\Python\Python36\lib\site-packages\sqlalchemy\orm\session.py", line 2313, in flush
    self._flush(objects)
  File "C:\Users\16zhchen\AppData\Local\Programs\Python\Python36\lib\site-packages\sqlalchemy\orm\session.py", line 2440, in _flush
    transaction.rollback(_capture_exception=True)
  File "C:\Users\16zhchen\AppData\Local\Programs\Python\Python36\lib\site-packages\sqlalchemy\util\langhelpers.py", line 66, in __exit__
    compat.reraise(exc_type, exc_value, exc_tb)
  File "C:\Users\16zhchen\AppData\Local\Programs\Python\Python36\lib\site-packages\sqlalchemy\util\compat.py", line 249, in reraise
    raise value
  File "C:\Users\16zhchen\AppData\Local\Programs\Python\Python36\lib\site-packages\sqlalchemy\orm\session.py", line 2404, in _flush
    flush_context.execute()
  File "C:\Users\16zhchen\AppData\Local\Programs\Python\Python36\lib\site-packages\sqlalchemy\orm\unitofwork.py", line 395, in execute
    rec.execute(self)
  File "C:\Users\16zhchen\AppData\Local\Programs\Python\Python36\lib\site-packages\sqlalchemy\orm\unitofwork.py", line 560, in execute
    uow
  File "C:\Users\16zhchen\AppData\Local\Programs\Python\Python36\lib\site-packages\sqlalchemy\orm\persistence.py", line 181, in save_obj
    mapper, table, insert)
  File "C:\Users\16zhchen\AppData\Local\Programs\Python\Python36\lib\site-packages\sqlalchemy\orm\persistence.py", line 872, in _emit_insert_statements
    execute(statement, params)
  File "C:\Users\16zhchen\AppData\Local\Programs\Python\Python36\lib\site-packages\sqlalchemy\engine\base.py", line 948, in execute
    return meth(self, multiparams, params)
  File "C:\Users\16zhchen\AppData\Local\Programs\Python\Python36\lib\site-packages\sqlalchemy\sql\elements.py", line 269, in _execute_on_connection
    return connection._execute_clauseelement(self, multiparams, params)
  File "C:\Users\16zhchen\AppData\Local\Programs\Python\Python36\lib\site-packages\sqlalchemy\engine\base.py", line 1060, in _execute_clauseelement
    compiled_sql, distilled_params
  File "C:\Users\16zhchen\AppData\Local\Programs\Python\Python36\lib\site-packages\sqlalchemy\engine\base.py", line 1200, in _execute_context
    context)
  File "C:\Users\16zhchen\AppData\Local\Programs\Python\Python36\lib\site-packages\sqlalchemy\engine\base.py", line 1413, in _handle_dbapi_exception
    exc_info
  File "C:\Users\16zhchen\AppData\Local\Programs\Python\Python36\lib\site-packages\sqlalchemy\util\compat.py", line 265, in raise_from_cause
    reraise(type(exception), exception, tb=exc_tb, cause=cause)
  File "C:\Users\16zhchen\AppData\Local\Programs\Python\Python36\lib\site-packages\sqlalchemy\util\compat.py", line 248, in reraise
    raise value.with_traceback(tb)
  File "C:\Users\16zhchen\AppData\Local\Programs\Python\Python36\lib\site-packages\sqlalchemy\engine\base.py", line 1193, in _execute_context
    context)
  File "C:\Users\16zhchen\AppData\Local\Programs\Python\Python36\lib\site-packages\sqlalchemy\engine\default.py", line 509, in do_execute
    cursor.execute(statement, parameters)
  File "C:\Users\16zhchen\AppData\Local\Programs\Python\Python36\lib\site-packages\pymysql\cursors.py", line 170, in execute
    result = self._query(query)
  File "C:\Users\16zhchen\AppData\Local\Programs\Python\Python36\lib\site-packages\pymysql\cursors.py", line 328, in _query
    conn.query(q)
  File "C:\Users\16zhchen\AppData\Local\Programs\Python\Python36\lib\site-packages\pymysql\connections.py", line 516, in query
    self._affected_rows = self._read_query_result(unbuffered=unbuffered)
  File "C:\Users\16zhchen\AppData\Local\Programs\Python\Python36\lib\site-packages\pymysql\connections.py", line 727, in _read_query_result
    result.read()
  File "C:\Users\16zhchen\AppData\Local\Programs\Python\Python36\lib\site-packages\pymysql\connections.py", line 1066, in read
    first_packet = self.connection._read_packet()
  File "C:\Users\16zhchen\AppData\Local\Programs\Python\Python36\lib\site-packages\pymysql\connections.py", line 683, in _read_packet
    packet.check_error()
  File "C:\Users\16zhchen\AppData\Local\Programs\Python\Python36\lib\site-packages\pymysql\protocol.py", line 220, in check_error
    err.raise_mysql_exception(self._data)
  File "C:\Users\16zhchen\AppData\Local\Programs\Python\Python36\lib\site-packages\pymysql\err.py", line 109, in raise_mysql_exception
    raise errorclass(errno, errval)
sqlalchemy.exc.InternalError: (pymysql.err.InternalError) (1292, "Incorrect datetime value: '2018-12-27T00:44:40.709Z' for column 'submit_date' at row 1") [SQL: 'INSERT INTO tb_reservation (class_id, user_id, submit_date, jieshu, reason, status) VALUES (%(class_id)s, %(user_id)s, %(submit_date)s, %(jieshu)s, %(reason)s, %(status)s)'] [parameters: {'class_id': 10, 'user_id': 5912, 'submit_date': '2018-12-27T00:44:40.709Z', 'jieshu': '12', 'reason': '', 'status': 0}] (Background on this error at: http://sqlalche.me/e/2j85)
